Started at Fri Jun 18 07:45:11 UTC 2021
Processing CodePull
Offering CodePull to Project Build Discarder
Processing Job1
Offering Job1 to Project Build Discarder
Processing test
Offering test to Project Build Discarder
Processing ttest
Offering ttest to Project Build Discarder
Finished at Fri Jun 18 07:45:11 UTC 2021. 3ms
Started at Fri Jun 18 08:45:11 UTC 2021
Processing CodePull
Offering CodePull to Project Build Discarder
Processing Job1
Offering Job1 to Project Build Discarder
Processing test
Offering test to Project Build Discarder
Processing ttest
Offering ttest to Project Build Discarder
Finished at Fri Jun 18 08:45:11 UTC 2021. 6ms
Started at Fri Jun 18 09:45:11 UTC 2021
Processing CodePull
Offering CodePull to Project Build Discarder
Processing Job1
Offering Job1 to Project Build Discarder
Processing test
Offering test to Project Build Discarder
Processing ttest
Offering ttest to Project Build Discarder
Finished at Fri Jun 18 09:45:11 UTC 2021. 1ms
Started at Fri Jun 18 10:45:11 UTC 2021
Processing CodePull
Offering CodePull to Project Build Discarder
Processing Job1
Offering Job1 to Project Build Discarder
Processing test
Offering test to Project Build Discarder
Processing ttest
Offering ttest to Project Build Discarder
Finished at Fri Jun 18 10:45:11 UTC 2021. 1ms
Started at Fri Jun 18 11:45:11 UTC 2021
Processing CodePull
Offering CodePull to Project Build Discarder
Processing Job1
Offering Job1 to Project Build Discarder
Processing test
Offering test to Project Build Discarder
Processing ttest
Offering ttest to Project Build Discarder
Finished at Fri Jun 18 11:45:11 UTC 2021. 1ms
Started at Fri Jun 18 12:45:11 UTC 2021
Processing CodePull
Offering CodePull to Project Build Discarder
Processing Job1
Offering Job1 to Project Build Discarder
Processing test
Offering test to Project Build Discarder
Processing ttest
Offering ttest to Project Build Discarder
Finished at Fri Jun 18 12:45:11 UTC 2021. 0ms
Started at Fri Jun 18 13:45:11 UTC 2021
Processing CodePull
Offering CodePull to Project Build Discarder
Processing Job1
Offering Job1 to Project Build Discarder
Processing test
Offering test to Project Build Discarder
Processing ttest
Offering ttest to Project Build Discarder
Finished at Fri Jun 18 13:45:11 UTC 2021. 1ms
Started at Fri Jun 18 14:45:11 UTC 2021
Processing CodePull
Offering CodePull to Project Build Discarder
Processing Job1
Offering Job1 to Project Build Discarder
Processing test
Offering test to Project Build Discarder
Processing ttest
Offering ttest to Project Build Discarder
Finished at Fri Jun 18 14:45:11 UTC 2021. 1ms
Started at Fri Jun 18 15:45:11 UTC 2021
Processing CodePull
Offering CodePull to Project Build Discarder
Processing Job1
Offering Job1 to Project Build Discarder
Processing test
Offering test to Project Build Discarder
Processing ttest
Offering ttest to Project Build Discarder
Finished at Fri Jun 18 15:45:11 UTC 2021. 3ms
Started at Fri Jun 18 16:45:11 UTC 2021
Processing CodePull
Offering CodePull to Project Build Discarder
Processing Job1
Offering Job1 to Project Build Discarder
Processing test
Offering test to Project Build Discarder
Processing ttest
Offering ttest to Project Build Discarder
Finished at Fri Jun 18 16:45:11 UTC 2021. 1ms
Started at Fri Jun 18 17:45:11 UTC 2021
Processing CodePull
Offering CodePull to Project Build Discarder
Processing Job1
Offering Job1 to Project Build Discarder
Processing test
Offering test to Project Build Discarder
Processing ttest
Offering ttest to Project Build Discarder
Finished at Fri Jun 18 17:45:11 UTC 2021. 1ms
