2021-06-18T07:02:16.773Z [jfrt ] [INFO ] [                ] [ffectedConfigStreamObserver:32] [Stream_1623834493213] - publishing full invalidation and attempting to resubscribe to affected configuration changes
2021-06-18T07:02:18.270Z [jfrt ] [INFO ] [                ] [ffectedConfigStreamObserver:32] [Stream_1623834389706] - publishing full invalidation and attempting to resubscribe to affected configuration changes
2021-06-18T07:02:19.501Z [jfrt ] [INFO ] [74a984ec06df764c] [ualCacheCleanupServiceImpl:119] [art-exec-3          ] - Starting cleanup of virtual repositories cache
2021-06-18T07:02:19.502Z [jfrt ] [INFO ] [74a984ec06df764c] [ualCacheCleanupServiceImpl:127] [art-exec-3          ] - Completed virtual repositories cleanup: removed 0 cached files.
2021-06-18T07:02:19.506Z [jfrt ] [INFO ] [c3475b4f8b664253] [ifactoryApplicationContext:709] [art-exec-5          ] - Beginning full system export...
2021-06-18T07:02:19.507Z [jfrt ] [INFO ] [c3475b4f8b664253] [ifactoryApplicationContext:736] [art-exec-5          ] - Creating temp export directory: /opt/jfrog/artifactory/var/backup/artifactory/backup-daily/current
2021-06-18T07:02:19.515Z [jfrt ] [INFO ] [633f0594b0972265] [tegrationCleanupServiceImpl:44] [art-exec-6          ] - cleaning jobs table
2021-06-18T07:02:19.487Z [jfrt ] [INFO ] [246ee116cadb5a93] [.s.d.b.s.BinaryServiceImpl:670] [art-exec-2          ] - Triggering Garbage Collection
2021-06-18T07:02:19.578Z [jfrt ] [INFO ] [246ee116cadb5a93] [.s.d.b.s.g.GarbageCollector:66] [art-exec-2          ] - Starting GC strategy 'TRASH_AND_BINARIES'
2021-06-18T07:02:19.508Z [jfrt ] [INFO ] [c3475b4f8b664253] [ifactoryApplicationContext:743] [art-exec-5          ] - Using backup directory: '/opt/jfrog/artifactory/var/backup/artifactory/backup-daily/current'.
2021-06-18T07:02:19.579Z [jfrt ] [INFO ] [c3475b4f8b664253] [c.CentralConfigServiceImpl:675] [art-exec-5          ] - Exporting config...
2021-06-18T07:02:19.590Z [jfrt ] [INFO ] [246ee116cadb5a93] [.s.d.b.s.g.GarbageCollector:68] [art-exec-2          ] - Finished GC Strategy 'TRASH_AND_BINARIES'
2021-06-18T07:02:19.595Z [jfrt ] [INFO ] [633f0594b0972265] [tegrationCleanupServiceImpl:48] [art-exec-6          ] - cleaned up 0 old job records
2021-06-18T07:02:19.939Z [jfrt ] [INFO ] [                ] [ectedEntitiesStreamObserver:35] [Stream_1623834396186] - publishing full invalidation and attempting to resubscribe to affected permissions changes
2021-06-18T07:02:23.479Z [jfrt ] [INFO ] [c3475b4f8b664253] [o.a.s.a.AccessServiceImpl:1432] [art-exec-5          ] - Exporting serviceId to file
2021-06-18T07:02:23.508Z [jfrt ] [INFO ] [c3475b4f8b664253] [o.a.s.a.AccessServiceImpl:1414] [art-exec-5          ] - Triggering export in access server...
2021-06-18T07:02:24.606Z [jfrt ] [INFO ] [c3475b4f8b664253] [ifactoryApplicationContext:937] [art-exec-5          ] - Note: the etc exported folder has excessive permissions. Be careful with the files.
2021-06-18T07:02:24.623Z [jfrt ] [INFO ] [c3475b4f8b664253] [a.s.u.SignedUrlServiceImpl:295] [art-exec-5          ] - Exporting URL signing key...
2021-06-18T07:02:24.637Z [jfrt ] [INFO ] [c3475b4f8b664253] [r.s.RepositoryServiceImpl:1084] [art-exec-5          ] - Exporting repositories...
2021-06-18T07:02:24.733Z [jfrt ] [INFO ] [c3475b4f8b664253] [a.r.d.i.DbRepoExportHandler:80] [art-exec-5          ] - artifactory-build-info export started with 1 nodes to: '/opt/jfrog/artifactory/var/backup/artifactory/backup-daily/current/repositories/artifactory-build-info'
2021-06-18T07:02:24.748Z [jfrt ] [INFO ] [c3475b4f8b664253] [a.r.d.i.DbRepoExportHandler:90] [art-exec-5          ] - artifactory-build-info export finished with: 1 Items exported (0 files and 1 folders), 0 Item skipped: (0 files and 0 folders).Duration: 108.87 millis IPS: 9.19 Target: '/opt/jfrog/artifactory/var/backup/artifactory/backup-daily/current/repositories/artifactory-build-info'
2021-06-18T07:02:24.751Z [jfrt ] [INFO ] [c3475b4f8b664253] [a.r.d.i.DbRepoExportHandler:80] [art-exec-5          ] - example-repo-local export started with 1 nodes to: '/opt/jfrog/artifactory/var/backup/artifactory/backup-daily/current/repositories/example-repo-local'
2021-06-18T07:02:24.893Z [jfrt ] [INFO ] [c3475b4f8b664253] [a.r.d.i.DbRepoExportHandler:90] [art-exec-5          ] - example-repo-local export finished with: 1 Items exported (0 files and 1 folders), 0 Item skipped: (0 files and 0 folders).Duration: 143.87 millis IPS: 6.95 Target: '/opt/jfrog/artifactory/var/backup/artifactory/backup-daily/current/repositories/example-repo-local'
2021-06-18T07:02:24.916Z [jfrt ] [INFO ] [c3475b4f8b664253] [a.r.d.i.DbRepoExportHandler:80] [art-exec-5          ] - libs-release-local export started with 8 nodes to: '/opt/jfrog/artifactory/var/backup/artifactory/backup-daily/current/repositories/libs-release-local'
2021-06-18T07:02:25.200Z [jfrt ] [INFO ] [c3475b4f8b664253] [a.r.d.i.DbRepoExportHandler:90] [art-exec-5          ] - libs-release-local export finished with: 8 Items exported (3 files and 5 folders), 0 Item skipped: (0 files and 0 folders).Duration: 285.02 millis IPS: 28.07 Target: '/opt/jfrog/artifactory/var/backup/artifactory/backup-daily/current/repositories/libs-release-local'
2021-06-18T07:02:25.201Z [jfrt ] [INFO ] [c3475b4f8b664253] [a.r.d.i.DbRepoExportHandler:80] [art-exec-5          ] - libs-snapshot-local export started with 1 nodes to: '/opt/jfrog/artifactory/var/backup/artifactory/backup-daily/current/repositories/libs-snapshot-local'
2021-06-18T07:02:25.209Z [jfrt ] [INFO ] [c3475b4f8b664253] [a.r.d.i.DbRepoExportHandler:90] [art-exec-5          ] - libs-snapshot-local export finished with: 1 Items exported (0 files and 1 folders), 0 Item skipped: (0 files and 0 folders).Duration: 8.2 millis IPS: 122 Target: '/opt/jfrog/artifactory/var/backup/artifactory/backup-daily/current/repositories/libs-snapshot-local'
2021-06-18T07:02:25.214Z [jfrt ] [INFO ] [c3475b4f8b664253] [ifactoryApplicationContext:839] [art-exec-5          ] - Full system export completed successfully.
2021-06-18T07:06:32.070Z [jfrt ] [INFO ] [2799bff88b984849] [aseBundleCleanupServiceImpl:84] [art-exec-12         ] - Starting to cleanup incomplete Release Bundles
2021-06-18T07:06:32.071Z [jfrt ] [INFO ] [2799bff88b984849] [aseBundleCleanupServiceImpl:90] [art-exec-12         ] - Finished incomplete Release Bundles cleanup
2021-06-18T08:00:00.002Z [jfrt ] [INFO ] [1665145a67a23026] [.s.d.b.s.BinaryServiceImpl:670] [art-exec-6          ] - Triggering Garbage Collection
2021-06-18T08:00:00.007Z [jfrt ] [INFO ] [1665145a67a23026] [.s.d.b.s.g.GarbageCollector:66] [art-exec-6          ] - Starting GC strategy 'TRASH_AND_BINARIES'
2021-06-18T08:00:00.012Z [jfrt ] [INFO ] [1665145a67a23026] [.s.d.b.s.g.GarbageCollector:68] [art-exec-6          ] - Finished GC Strategy 'TRASH_AND_BINARIES'
2021-06-18T08:06:32.062Z [jfrt ] [INFO ] [21fcae84147c16c1] [aseBundleCleanupServiceImpl:84] [art-exec-11         ] - Starting to cleanup incomplete Release Bundles
2021-06-18T08:06:32.065Z [jfrt ] [INFO ] [21fcae84147c16c1] [aseBundleCleanupServiceImpl:90] [art-exec-11         ] - Finished incomplete Release Bundles cleanup
2021-06-18T09:06:32.063Z [jfrt ] [INFO ] [f826dfa6bef80bc8] [aseBundleCleanupServiceImpl:84] [art-exec-1          ] - Starting to cleanup incomplete Release Bundles
2021-06-18T09:06:32.065Z [jfrt ] [INFO ] [f826dfa6bef80bc8] [aseBundleCleanupServiceImpl:90] [art-exec-1          ] - Finished incomplete Release Bundles cleanup
2021-06-18T09:06:35.592Z [jfrt ] [INFO ] [805c58926475a5be] [adsFolderCleanupServiceImpl:52] [art-exec-6          ] - Starting docker temp folder cleanup
2021-06-18T09:06:35.593Z [jfrt ] [INFO ] [805c58926475a5be] [adsFolderCleanupServiceImpl:54] [art-exec-6          ] - Docker temp folder cleanup finished, time took: 1 millis
2021-06-18T09:55:11.030Z [jfrt ] [ERROR] [                ] [.j.a.c.g.GrpcStreamObserver:97] [default-executor-341] - refreshing affected platform config stream - got an error (status: Status{code=INTERNAL, description=Received unexpected EOS on DATA frame from server., cause=null})
io.grpc.StatusRuntimeException: INTERNAL: Received unexpected EOS on DATA frame from server.
	at io.grpc.Status.asRuntimeException(Status.java:533)
	at io.grpc.stub.ClientCalls$StreamObserverToCallListenerAdapter.onClose(ClientCalls.java:478)
	at io.grpc.PartialForwardingClientCallListener.onClose(PartialForwardingClientCallListener.java:39)
	at io.grpc.ForwardingClientCallListener.onClose(ForwardingClientCallListener.java:23)
	at io.grpc.ForwardingClientCallListener$SimpleForwardingClientCallListener.onClose(ForwardingClientCallListener.java:40)
	at org.jfrog.access.client.grpc.AuthorizationInterceptor$AuthenticatedClientCall$RejoiningClientCallListener.onClose(AuthorizationInterceptor.java:73)
	at io.grpc.internal.ClientCallImpl.closeObserver(ClientCallImpl.java:413)
	at io.grpc.internal.ClientCallImpl.access$500(ClientCallImpl.java:66)
	at io.grpc.internal.ClientCallImpl$ClientStreamListenerImpl$1StreamClosed.runInternal(ClientCallImpl.java:742)
	at io.grpc.internal.ClientCallImpl$ClientStreamListenerImpl$1StreamClosed.runInContext(ClientCallImpl.java:721)
	at io.grpc.internal.ContextRunnable.run(ContextRunnable.java:37)
	at io.grpc.internal.SerializingExecutor.run(SerializingExecutor.java:123)
	at java.base/java.util.concurrent.ThreadPoolExecutor.runWorker(ThreadPoolExecutor.java:1128)
	at java.base/java.util.concurrent.ThreadPoolExecutor$Worker.run(ThreadPoolExecutor.java:628)
	at java.base/java.lang.Thread.run(Thread.java:834)
2021-06-18T09:55:11.037Z [jfrt ] [INFO ] [                ] [.j.a.c.g.GrpcStreamObserver:76] [default-executor-341] - affected platform config stream stopped gracefully - immediate cache invalidation will not work without restart
2021-06-18T09:55:14.725Z [jfrt ] [INFO ] [                ] [ffectedConfigStreamObserver:32] [Stream_1623834389706] - publishing full invalidation and attempting to resubscribe to affected configuration changes
2021-06-18T09:55:17.557Z [jfrt ] [INFO ] [                ] [.j.a.c.g.GrpcStreamObserver:76] [default-executor-341] - affected permissions stream stopped gracefully - immediate cache invalidation will not work without restart
2021-06-18T09:55:21.188Z [jfrt ] [INFO ] [                ] [ectedEntitiesStreamObserver:35] [Stream_1623834396186] - publishing full invalidation and attempting to resubscribe to affected permissions changes
2021-06-18T09:56:54.471Z [jfrt ] [ERROR] [                ] [.j.a.c.g.GrpcStreamObserver:97] [default-executor-355] - refreshing affected platform config stream - got an error (status: Status{code=INTERNAL, description=Received unexpected EOS on DATA frame from server., cause=null})
io.grpc.StatusRuntimeException: INTERNAL: Received unexpected EOS on DATA frame from server.
	at io.grpc.Status.asRuntimeException(Status.java:533)
	at io.grpc.stub.ClientCalls$StreamObserverToCallListenerAdapter.onClose(ClientCalls.java:478)
	at io.grpc.PartialForwardingClientCallListener.onClose(PartialForwardingClientCallListener.java:39)
	at io.grpc.ForwardingClientCallListener.onClose(ForwardingClientCallListener.java:23)
	at io.grpc.ForwardingClientCallListener$SimpleForwardingClientCallListener.onClose(ForwardingClientCallListener.java:40)
	at org.jfrog.access.client.grpc.AuthorizationInterceptor$AuthenticatedClientCall$RejoiningClientCallListener.onClose(AuthorizationInterceptor.java:73)
	at io.grpc.internal.ClientCallImpl.closeObserver(ClientCallImpl.java:413)
	at io.grpc.internal.ClientCallImpl.access$500(ClientCallImpl.java:66)
	at io.grpc.internal.ClientCallImpl$ClientStreamListenerImpl$1StreamClosed.runInternal(ClientCallImpl.java:742)
	at io.grpc.internal.ClientCallImpl$ClientStreamListenerImpl$1StreamClosed.runInContext(ClientCallImpl.java:721)
	at io.grpc.internal.ContextRunnable.run(ContextRunnable.java:37)
	at io.grpc.internal.SerializingExecutor.run(SerializingExecutor.java:123)
	at java.base/java.util.concurrent.ThreadPoolExecutor.runWorker(ThreadPoolExecutor.java:1128)
	at java.base/java.util.concurrent.ThreadPoolExecutor$Worker.run(ThreadPoolExecutor.java:628)
	at java.base/java.lang.Thread.run(Thread.java:834)
2021-06-18T09:56:54.474Z [jfrt ] [INFO ] [                ] [.j.a.c.g.GrpcStreamObserver:76] [default-executor-355] - affected platform config stream stopped gracefully - immediate cache invalidation will not work without restart
2021-06-18T09:56:58.215Z [jfrt ] [INFO ] [                ] [ffectedConfigStreamObserver:32] [Stream_1623834493213] - publishing full invalidation and attempting to resubscribe to affected configuration changes
2021-06-18T09:57:10.992Z [jfrt ] [INFO ] [                ] [.j.a.c.g.GrpcStreamObserver:76] [default-executor-342] - affected projects stream stopped gracefully - immediate cache invalidation will not work without restart
2021-06-18T10:06:32.063Z [jfrt ] [INFO ] [707c10406dd5ed2e] [aseBundleCleanupServiceImpl:84] [art-exec-6          ] - Starting to cleanup incomplete Release Bundles
2021-06-18T10:06:32.066Z [jfrt ] [INFO ] [707c10406dd5ed2e] [aseBundleCleanupServiceImpl:90] [art-exec-6          ] - Finished incomplete Release Bundles cleanup
2021-06-18T11:06:32.064Z [jfrt ] [INFO ] [92c97df4fb62f41d] [aseBundleCleanupServiceImpl:84] [art-exec-1          ] - Starting to cleanup incomplete Release Bundles
2021-06-18T11:06:32.065Z [jfrt ] [INFO ] [92c97df4fb62f41d] [aseBundleCleanupServiceImpl:90] [art-exec-1          ] - Finished incomplete Release Bundles cleanup
2021-06-18T12:00:00.023Z [jfrt ] [INFO ] [de7fae689b286142] [.s.d.b.s.BinaryServiceImpl:670] [art-exec-6          ] - Triggering Garbage Collection
2021-06-18T12:00:00.024Z [jfrt ] [INFO ] [de7fae689b286142] [.s.d.b.s.g.GarbageCollector:66] [art-exec-6          ] - Starting GC strategy 'TRASH_AND_BINARIES'
2021-06-18T12:00:00.026Z [jfrt ] [INFO ] [de7fae689b286142] [.s.d.b.s.g.GarbageCollector:68] [art-exec-6          ] - Finished GC Strategy 'TRASH_AND_BINARIES'
2021-06-18T12:06:32.064Z [jfrt ] [INFO ] [f9382d091850d7a2] [aseBundleCleanupServiceImpl:84] [art-exec-7          ] - Starting to cleanup incomplete Release Bundles
2021-06-18T12:06:32.066Z [jfrt ] [INFO ] [f9382d091850d7a2] [aseBundleCleanupServiceImpl:90] [art-exec-7          ] - Finished incomplete Release Bundles cleanup
2021-06-18T13:06:32.073Z [jfrt ] [INFO ] [1551858398d68907] [aseBundleCleanupServiceImpl:84] [art-exec-4          ] - Starting to cleanup incomplete Release Bundles
2021-06-18T13:06:32.076Z [jfrt ] [INFO ] [1551858398d68907] [aseBundleCleanupServiceImpl:90] [art-exec-4          ] - Finished incomplete Release Bundles cleanup
2021-06-18T13:07:06.333Z [jfrt ] [INFO ] [cd89e03d0001ef  ] [a.e.EventsLogCleanUpService:69] [art-exec-5          ] - Starting cleanup of old events from event log
2021-06-18T13:07:06.337Z [jfrt ] [INFO ] [cd89e03d0001ef  ] [.e.EventsLogCleanUpService:105] [art-exec-5          ] - Cleanup of old events from event log finished
2021-06-18T14:06:32.068Z [jfrt ] [INFO ] [35dca949abedcbbd] [aseBundleCleanupServiceImpl:84] [art-exec-10         ] - Starting to cleanup incomplete Release Bundles
2021-06-18T14:06:32.069Z [jfrt ] [INFO ] [35dca949abedcbbd] [aseBundleCleanupServiceImpl:90] [art-exec-10         ] - Finished incomplete Release Bundles cleanup
2021-06-18T15:06:32.064Z [jfrt ] [INFO ] [57a51cd458423154] [aseBundleCleanupServiceImpl:84] [art-exec-12         ] - Starting to cleanup incomplete Release Bundles
2021-06-18T15:06:32.065Z [jfrt ] [INFO ] [57a51cd458423154] [aseBundleCleanupServiceImpl:90] [art-exec-12         ] - Finished incomplete Release Bundles cleanup
