2021-07-12T06:13:03.447Z [53d12310b99491ea] [ACCEPTED LOGIN]   for client : jffe@000 / 127.0.0.1.
2021-07-12T06:13:03.464Z [734b9a69a1927733] [ACCEPTED LOGIN]   for client : jffe@000 / 127.0.0.1.
2021-07-12T06:13:03.511Z [6a746e4308dcb2f1] [ACCEPTED LOGIN]   for client : jffe@000 / 127.0.0.1.
2021-07-12T06:13:33.447Z [153bd820b782cc83] [ACCEPTED LOGIN]   for client : jffe@000 / 127.0.0.1.
2021-07-12T06:13:33.460Z [206ecaacc7af12ca] [ACCEPTED LOGIN]   for client : jffe@000 / 127.0.0.1.
2021-07-12T06:13:33.470Z [506014522eac5f7c] [ACCEPTED LOGIN]   for client : jffe@000 / 127.0.0.1.
2021-07-12T06:14:03.427Z [3392b396f4a06363] [ACCEPTED LOGIN]   for client : jffe@000 / 127.0.0.1.
2021-07-12T06:14:03.430Z [75c5a1f0d764f136] [ACCEPTED LOGIN]   for client : jffe@000 / 127.0.0.1.
2021-07-12T06:14:03.498Z [5a24649a767b2c65] [ACCEPTED LOGIN]   for client : jffe@000 / 127.0.0.1.
2021-07-12T06:14:33.329Z [1812d44c623bd542] [ACCEPTED LOGIN]   for client : jffe@000 / 127.0.0.1.
2021-07-12T06:14:33.336Z [6bb9f447cf95bf5c] [ACCEPTED LOGIN]   for client : jffe@000 / 127.0.0.1.
2021-07-12T06:14:33.351Z [5a15efcd9d5849af] [ACCEPTED LOGIN]   for client : jffe@000 / 127.0.0.1.
2021-07-12T06:15:03.416Z [6df9eae068ec65bc] [ACCEPTED LOGIN]   for client : jffe@000 / 127.0.0.1.
2021-07-12T06:15:03.462Z [1c3697422089e493] [ACCEPTED LOGIN]   for client : jffe@000 / 127.0.0.1.
2021-07-12T06:15:03.463Z [413e688fb2184f2f] [ACCEPTED LOGIN]   for client : jffe@000 / 127.0.0.1.
2021-07-12T06:15:33.400Z [70459f39b0f126b8] [ACCEPTED LOGIN]   for client : jffe@000 / 127.0.0.1.
2021-07-12T06:15:33.403Z [630a1eab2dff7f55] [ACCEPTED LOGIN]   for client : jffe@000 / 127.0.0.1.
2021-07-12T06:15:33.429Z [2406fa2aa13d0836] [ACCEPTED LOGIN]   for client : jffe@000 / 127.0.0.1.
2021-07-12T06:16:03.355Z [3fbb618b570196cf] [ACCEPTED LOGIN]   for client : jffe@000 / 127.0.0.1.
2021-07-12T06:16:03.356Z [675401548be20316] [ACCEPTED LOGIN]   for client : jffe@000 / 127.0.0.1.
2021-07-12T06:16:03.384Z [3bc63e90c037eb52] [ACCEPTED LOGIN]   for client : jffe@000 / 127.0.0.1.
2021-07-12T06:16:33.358Z [3fb2b994e434c035] [ACCEPTED LOGIN]   for client : jffe@000 / 127.0.0.1.
2021-07-12T06:16:33.361Z [405d2e5cbf34c3e4] [ACCEPTED LOGIN]   for client : jffe@000 / 127.0.0.1.
2021-07-12T06:16:33.369Z [5ae8ebe7b455d6e3] [ACCEPTED LOGIN]   for client : jffe@000 / 127.0.0.1.
2021-07-12T06:17:03.360Z [53de7db096229642] [ACCEPTED LOGIN]   for client : jffe@000 / 127.0.0.1.
2021-07-12T06:17:03.371Z [705b1928bb8ec219] [ACCEPTED LOGIN]   for client : jffe@000 / 127.0.0.1.
2021-07-12T06:17:03.372Z [7061c62bf7740d46] [ACCEPTED LOGIN]   for client : jffe@000 / 127.0.0.1.
2021-07-12T06:17:33.342Z [331a74f42444cbc5] [ACCEPTED LOGIN]   for client : jffe@000 / 127.0.0.1.
2021-07-12T06:17:33.344Z [2f520a7a1380a3dd] [ACCEPTED LOGIN]   for client : jffe@000 / 127.0.0.1.
2021-07-12T06:17:33.360Z [4acd5bc37a543da9] [ACCEPTED LOGIN]   for client : jffe@000 / 127.0.0.1.
2021-07-12T06:18:03.338Z [401d0b99f6fc7f32] [ACCEPTED LOGIN]   for client : jffe@000 / 127.0.0.1.
2021-07-12T06:18:03.338Z [a3438b43103deaa ] [ACCEPTED LOGIN]   for client : jffe@000 / 127.0.0.1.
2021-07-12T06:18:03.344Z [1140000daad9e5e5] [ACCEPTED LOGIN]   for client : jffe@000 / 127.0.0.1.
2021-07-12T06:18:33.391Z [fd083570884f148 ] [ACCEPTED LOGIN]   for client : jffe@000 / 127.0.0.1.
2021-07-12T06:18:33.396Z [f415433b2bc8cc  ] [ACCEPTED LOGIN]   for client : jffe@000 / 127.0.0.1.
2021-07-12T06:18:33.422Z [3d208ab4a31f17b8] [ACCEPTED LOGIN]   for client : jffe@000 / 127.0.0.1.
2021-07-12T06:19:03.381Z [315c9e2c2709e08f] [ACCEPTED LOGIN]   for client : jffe@000 / 127.0.0.1.
2021-07-12T06:19:03.383Z [4987e91c0753b27f] [ACCEPTED LOGIN]   for client : jffe@000 / 127.0.0.1.
2021-07-12T06:19:03.414Z [434848cb90139d42] [ACCEPTED LOGIN]   for client : jffe@000 / 127.0.0.1.
2021-07-12T06:19:33.408Z [10ff89672a2720d2] [ACCEPTED LOGIN]   for client : jffe@000 / 127.0.0.1.
2021-07-12T06:19:33.410Z [a2042d7b10d2bae ] [ACCEPTED LOGIN]   for client : jffe@000 / 127.0.0.1.
2021-07-12T06:19:33.425Z [2d11203bd7f257ef] [ACCEPTED LOGIN]   for client : jffe@000 / 127.0.0.1.
2021-07-12T06:20:03.349Z [4a2ed845448a4f5 ] [ACCEPTED LOGIN]   for client : jffe@000 / 127.0.0.1.
2021-07-12T06:20:03.355Z [7947799785bf32d9] [ACCEPTED LOGIN]   for client : jffe@000 / 127.0.0.1.
2021-07-12T06:20:03.360Z [43beda846a9a1d5f] [ACCEPTED LOGIN]   for client : jffe@000 / 127.0.0.1.
2021-07-12T06:20:33.365Z [4fb82d7a531d2f8c] [ACCEPTED LOGIN]   for client : jffe@000 / 127.0.0.1.
2021-07-12T06:20:33.367Z [c4114e52e18aa22 ] [ACCEPTED LOGIN]   for client : jffe@000 / 127.0.0.1.
2021-07-12T06:20:33.372Z [498b9e94728f962a] [ACCEPTED LOGIN]   for client : jffe@000 / 127.0.0.1.
2021-07-12T06:21:03.387Z [4f0d5f94266fd98a] [ACCEPTED LOGIN]   for client : jffe@000 / 127.0.0.1.
2021-07-12T06:21:03.388Z [360df819e5424897] [ACCEPTED LOGIN]   for client : jffe@000 / 127.0.0.1.
2021-07-12T06:21:03.393Z [76563215f0f97903] [ACCEPTED LOGIN]   for client : jffe@000 / 127.0.0.1.
2021-07-12T06:21:33.374Z [5b5a12ba406afaa2] [ACCEPTED LOGIN]   for client : jffe@000 / 127.0.0.1.
2021-07-12T06:21:33.377Z [1160e38a953152c5] [ACCEPTED LOGIN]   for client : jffe@000 / 127.0.0.1.
2021-07-12T06:21:33.378Z [56b19dc7c29cfe62] [ACCEPTED LOGIN]   for client : jffe@000 / 127.0.0.1.
2021-07-12T06:22:03.383Z [20007005a409fd07] [ACCEPTED LOGIN]   for client : jffe@000 / 127.0.0.1.
2021-07-12T06:22:03.390Z [c59f9d820dd5554 ] [ACCEPTED LOGIN]   for client : jffe@000 / 127.0.0.1.
2021-07-12T06:22:03.393Z [1f09e2a4df90bd66] [ACCEPTED LOGIN]   for client : jffe@000 / 127.0.0.1.
2021-07-12T06:22:33.381Z [1c2eab832456b88e] [ACCEPTED LOGIN]   for client : jffe@000 / 127.0.0.1.
2021-07-12T06:22:33.382Z [67a645ae79433f95] [ACCEPTED LOGIN]   for client : jffe@000 / 127.0.0.1.
2021-07-12T06:22:33.385Z [45f450526112c17f] [ACCEPTED LOGIN]   for client : jffe@000 / 127.0.0.1.
2021-07-12T06:23:03.438Z [7756b6661d787e88] [ACCEPTED LOGIN]   for client : jffe@000 / 127.0.0.1.
2021-07-12T06:23:03.441Z [2ce76a3f2dacc463] [ACCEPTED LOGIN]   for client : jffe@000 / 127.0.0.1.
2021-07-12T06:23:03.448Z [524f9177564e48b6] [ACCEPTED LOGIN]   for client : jffe@000 / 127.0.0.1.
2021-07-12T06:23:33.394Z [603efc28d4e49a06] [ACCEPTED LOGIN]   for client : jffe@000 / 127.0.0.1.
2021-07-12T06:23:33.402Z [6eb593b609fff184] [ACCEPTED LOGIN]   for client : jffe@000 / 127.0.0.1.
2021-07-12T06:23:33.403Z [cb6b0e66774db31 ] [ACCEPTED LOGIN]   for client : jffe@000 / 127.0.0.1.
2021-07-12T06:24:03.388Z [673ddbedbb39c6d7] [ACCEPTED LOGIN]   for client : jffe@000 / 127.0.0.1.
2021-07-12T06:24:03.398Z [2e6583d1d0887cd4] [ACCEPTED LOGIN]   for client : jffe@000 / 127.0.0.1.
2021-07-12T06:24:03.405Z [3e7ae47f4b6b9f98] [ACCEPTED LOGIN]   for client : jffe@000 / 127.0.0.1.
2021-07-12T06:24:33.507Z [9b32ad6cbacdede ] [ACCEPTED LOGIN]   for client : jffe@000 / 127.0.0.1.
2021-07-12T06:24:33.521Z [1dcc3f9c157ffd14] [ACCEPTED LOGIN]   for client : jffe@000 / 127.0.0.1.
2021-07-12T06:24:33.564Z [36559a8f88e5e5a3] [ACCEPTED LOGIN]   for client : jffe@000 / 127.0.0.1.
2021-07-12T06:25:05.020Z [2f8ead3dd9013099] [ACCEPTED LOGIN]   for client : jffe@000 / 127.0.0.1.
2021-07-12T06:25:05.039Z [1bdb300bc8dddee0] [ACCEPTED LOGIN]   for client : jffe@000 / 127.0.0.1.
2021-07-12T06:25:05.042Z [5e8a66afa76ad8b3] [ACCEPTED LOGIN]   for client : jffe@000 / 127.0.0.1.
2021-07-12T06:25:35.004Z [3a4e1617bc3c593e] [ACCEPTED LOGIN]   for client : jffe@000 / 127.0.0.1.
2021-07-12T06:25:35.010Z [329eab295113bcfe] [ACCEPTED LOGIN]   for client : jffe@000 / 127.0.0.1.
2021-07-12T06:25:35.023Z [4e163f651c27a1e2] [ACCEPTED LOGIN]   for client : jffe@000 / 127.0.0.1.
2021-07-12T06:26:04.913Z [1655aaf514467fd2] [ACCEPTED LOGIN]   for client : jffe@000 / 127.0.0.1.
2021-07-12T06:26:04.915Z [6369af82e9a83508] [ACCEPTED LOGIN]   for client : jffe@000 / 127.0.0.1.
2021-07-12T06:26:04.919Z [3748b3c355509155] [ACCEPTED LOGIN]   for client : jffe@000 / 127.0.0.1.
2021-07-12T06:26:34.909Z [11c3ad44c7096921] [ACCEPTED LOGIN]   for client : jffe@000 / 127.0.0.1.
2021-07-12T06:26:34.909Z [642baca5165942a7] [ACCEPTED LOGIN]   for client : jffe@000 / 127.0.0.1.
2021-07-12T06:26:34.921Z [1cdd28a54f86807c] [ACCEPTED LOGIN]   for client : jffe@000 / 127.0.0.1.
2021-07-12T06:27:04.925Z [23cc4b2f2d6c6dac] [ACCEPTED LOGIN]   for client : jffe@000 / 127.0.0.1.
2021-07-12T06:27:04.929Z [4ea83834293a819d] [ACCEPTED LOGIN]   for client : jffe@000 / 127.0.0.1.
2021-07-12T06:27:04.931Z [10ce509054c53d52] [ACCEPTED LOGIN]   for client : jffe@000 / 127.0.0.1.
2021-07-12T06:27:34.926Z [5c6bd4e500efb34d] [ACCEPTED LOGIN]   for client : jffe@000 / 127.0.0.1.
2021-07-12T06:27:34.933Z [442f6e3e775ada8c] [ACCEPTED LOGIN]   for client : jffe@000 / 127.0.0.1.
2021-07-12T06:27:34.937Z [4d2b88df1a25fa53] [ACCEPTED LOGIN]   for client : jffe@000 / 127.0.0.1.
2021-07-12T06:28:04.946Z [4c4ecae2f7fcac87] [ACCEPTED LOGIN]   for client : jffe@000 / 127.0.0.1.
2021-07-12T06:28:04.951Z [546a9ab1f0e81b9e] [ACCEPTED LOGIN]   for client : jffe@000 / 127.0.0.1.
2021-07-12T06:28:04.958Z [44ab83ef60df6f9a] [ACCEPTED LOGIN]   for client : jffe@000 / 127.0.0.1.
2021-07-12T06:28:34.943Z [56cf7b09fea350d1] [ACCEPTED LOGIN]   for client : jffe@000 / 127.0.0.1.
2021-07-12T06:28:34.944Z [5f0a7c0f23949bd9] [ACCEPTED LOGIN]   for client : jffe@000 / 127.0.0.1.
2021-07-12T06:28:34.946Z [4172630107796786] [ACCEPTED LOGIN]   for client : jffe@000 / 127.0.0.1.
2021-07-12T06:29:04.947Z [1463ffe579d8eb6c] [ACCEPTED LOGIN]   for client : jffe@000 / 127.0.0.1.
2021-07-12T06:29:04.950Z [470f145d00f34f5e] [ACCEPTED LOGIN]   for client : jffe@000 / 127.0.0.1.
2021-07-12T06:29:04.950Z [3a3895dd62819edb] [ACCEPTED LOGIN]   for client : jffe@000 / 127.0.0.1.
2021-07-12T06:29:34.960Z [6b08c91a73962ec ] [ACCEPTED LOGIN]   for client : jffe@000 / 127.0.0.1.
2021-07-12T06:29:34.961Z [4f59f5acf43ae809] [ACCEPTED LOGIN]   for client : jffe@000 / 127.0.0.1.
2021-07-12T06:29:34.974Z [17b605e2fb6780d9] [ACCEPTED LOGIN]   for client : jffe@000 / 127.0.0.1.
2021-07-12T06:30:04.971Z [7eda185e93c2240 ] [ACCEPTED LOGIN]   for client : jffe@000 / 127.0.0.1.
2021-07-12T06:30:04.974Z [24fb4a44cec071bd] [ACCEPTED LOGIN]   for client : jffe@000 / 127.0.0.1.
2021-07-12T06:30:04.976Z [2472a0bd949cc84d] [ACCEPTED LOGIN]   for client : jffe@000 / 127.0.0.1.
2021-07-12T06:30:34.953Z [c68d27868a067cb ] [ACCEPTED LOGIN]   for client : jffe@000 / 127.0.0.1.
2021-07-12T06:30:34.955Z [110cb68896e67f74] [ACCEPTED LOGIN]   for client : jffe@000 / 127.0.0.1.
2021-07-12T06:30:34.958Z [1ecb81608e4d0d83] [ACCEPTED LOGIN]   for client : jffe@000 / 127.0.0.1.
2021-07-12T06:31:04.957Z [115ed9fb8d839a1c] [ACCEPTED LOGIN]   for client : jffe@000 / 127.0.0.1.
2021-07-12T06:31:04.959Z [77faf741cf3acd42] [ACCEPTED LOGIN]   for client : jffe@000 / 127.0.0.1.
2021-07-12T06:31:04.964Z [29390528373c46d ] [ACCEPTED LOGIN]   for client : jffe@000 / 127.0.0.1.
2021-07-12T06:31:35.000Z [7dd50d1381f05d11] [ACCEPTED LOGIN]   for client : jffe@000 / 127.0.0.1.
2021-07-12T06:31:35.006Z [49b75186a80f21f4] [ACCEPTED LOGIN]   for client : jffe@000 / 127.0.0.1.
2021-07-12T06:31:35.008Z [677ab2d5839f9001] [ACCEPTED LOGIN]   for client : jffe@000 / 127.0.0.1.
2021-07-12T06:32:04.973Z [34deaa74c602d818] [ACCEPTED LOGIN]   for client : jffe@000 / 127.0.0.1.
2021-07-12T06:32:04.977Z [ad72807fb388b57 ] [ACCEPTED LOGIN]   for client : jffe@000 / 127.0.0.1.
2021-07-12T06:32:04.977Z [2c03220271008a08] [ACCEPTED LOGIN]   for client : jffe@000 / 127.0.0.1.
2021-07-12T06:32:34.969Z [141cee732deef26 ] [ACCEPTED LOGIN]   for client : jffe@000 / 127.0.0.1.
2021-07-12T06:32:34.970Z [44202d45f91d508a] [ACCEPTED LOGIN]   for client : jffe@000 / 127.0.0.1.
2021-07-12T06:32:34.973Z [c816233957489ff ] [ACCEPTED LOGIN]   for client : jffe@000 / 127.0.0.1.
2021-07-12T06:33:05.000Z [1ee63f68657ee41b] [ACCEPTED LOGIN]   for client : jffe@000 / 127.0.0.1.
2021-07-12T06:33:05.006Z [55f0e8d5480da3e ] [ACCEPTED LOGIN]   for client : jffe@000 / 127.0.0.1.
2021-07-12T06:33:05.007Z [355c2d1dd41fb33b] [ACCEPTED LOGIN]   for client : jffe@000 / 127.0.0.1.
2021-07-12T06:33:34.980Z [4d48269ad7f9a904] [ACCEPTED LOGIN]   for client : jffe@000 / 127.0.0.1.
2021-07-12T06:33:34.982Z [60b1d818cd75174a] [ACCEPTED LOGIN]   for client : jffe@000 / 127.0.0.1.
2021-07-12T06:33:34.991Z [2e89c7328492df5f] [ACCEPTED LOGIN]   for client : jffe@000 / 127.0.0.1.
2021-07-12T06:34:04.975Z [46f3124b1d7787fb] [ACCEPTED LOGIN]   for client : jffe@000 / 127.0.0.1.
2021-07-12T06:34:04.976Z [67708d097cca6542] [ACCEPTED LOGIN]   for client : jffe@000 / 127.0.0.1.
2021-07-12T06:34:04.975Z [6126cce37296f6d2] [ACCEPTED LOGIN]   for client : jffe@000 / 127.0.0.1.
2021-07-12T06:34:35.002Z [87778a6084cf3ba ] [ACCEPTED LOGIN]   for client : jffe@000 / 127.0.0.1.
2021-07-12T06:34:35.006Z [4c0dcecbe25972ca] [ACCEPTED LOGIN]   for client : jffe@000 / 127.0.0.1.
2021-07-12T06:34:35.025Z [3f8ef9030306afe ] [ACCEPTED LOGIN]   for client : jffe@000 / 127.0.0.1.
2021-07-12T06:35:04.998Z [98690df9c6ce4f3 ] [ACCEPTED LOGIN]   for client : jffe@000 / 127.0.0.1.
2021-07-12T06:35:05.003Z [2e0d2e050e09f523] [ACCEPTED LOGIN]   for client : jffe@000 / 127.0.0.1.
2021-07-12T06:35:05.005Z [4bdacaae3bca98ef] [ACCEPTED LOGIN]   for client : jffe@000 / 127.0.0.1.
2021-07-12T06:35:34.974Z [68329ec15d0247c3] [ACCEPTED LOGIN]   for client : jffe@000 / 127.0.0.1.
2021-07-12T06:35:34.981Z [51cd2dd6cbd11d5a] [ACCEPTED LOGIN]   for client : jffe@000 / 127.0.0.1.
2021-07-12T06:35:34.985Z [6784b1d09daff7a6] [ACCEPTED LOGIN]   for client : jffe@000 / 127.0.0.1.
2021-07-12T06:36:04.989Z [301ff85b85ed6721] [ACCEPTED LOGIN]   for client : jffe@000 / 127.0.0.1.
2021-07-12T06:36:04.989Z [5c43180f550c26ed] [ACCEPTED LOGIN]   for client : jffe@000 / 127.0.0.1.
2021-07-12T06:36:04.994Z [61ea9f3132fe3ea ] [ACCEPTED LOGIN]   for client : jffe@000 / 127.0.0.1.
2021-07-12T06:36:34.994Z [3b4421644c6fae0 ] [ACCEPTED LOGIN]   for client : jffe@000 / 127.0.0.1.
2021-07-12T06:36:34.994Z [289082766da765ff] [ACCEPTED LOGIN]   for client : jffe@000 / 127.0.0.1.
2021-07-12T06:36:35.005Z [73a3eea2494a53c3] [ACCEPTED LOGIN]   for client : jffe@000 / 127.0.0.1.
2021-07-12T06:37:05.015Z [6a5b9304b6d03db0] [ACCEPTED LOGIN]   for client : jffe@000 / 127.0.0.1.
2021-07-12T06:37:05.021Z [5d5498d2971ac1f1] [ACCEPTED LOGIN]   for client : jffe@000 / 127.0.0.1.
2021-07-12T06:37:05.050Z [377365bce224116 ] [ACCEPTED LOGIN]   for client : jffe@000 / 127.0.0.1.
2021-07-12T06:37:35.012Z [48d49cec689326f5] [ACCEPTED LOGIN]   for client : jffe@000 / 127.0.0.1.
2021-07-12T06:37:35.013Z [259e82bb4ae32efb] [ACCEPTED LOGIN]   for client : jffe@000 / 127.0.0.1.
2021-07-12T06:37:35.021Z [4ae5af6f07ae1165] [ACCEPTED LOGIN]   for client : jffe@000 / 127.0.0.1.
2021-07-12T06:38:05.030Z [505272e2b618307d] [ACCEPTED LOGIN]   for client : jffe@000 / 127.0.0.1.
2021-07-12T06:38:05.033Z [5c2400cbcaa02817] [ACCEPTED LOGIN]   for client : jffe@000 / 127.0.0.1.
2021-07-12T06:38:05.034Z [5712e00c5d7f6cdb] [ACCEPTED LOGIN]   for client : jffe@000 / 127.0.0.1.
2021-07-12T06:38:35.006Z [75dbba87908c9fdf] [ACCEPTED LOGIN]   for client : jffe@000 / 127.0.0.1.
2021-07-12T06:38:35.006Z [157a187b9907be67] [ACCEPTED LOGIN]   for client : jffe@000 / 127.0.0.1.
2021-07-12T06:38:35.016Z [37fa3c24f631285f] [ACCEPTED LOGIN]   for client : jffe@000 / 127.0.0.1.
2021-07-12T06:39:05.014Z [6bfa3eda9c8b4186] [ACCEPTED LOGIN]   for client : jffe@000 / 127.0.0.1.
2021-07-12T06:39:05.017Z [5d38d5189653f9cf] [ACCEPTED LOGIN]   for client : jffe@000 / 127.0.0.1.
2021-07-12T06:39:05.023Z [18ef85b04652f64b] [ACCEPTED LOGIN]   for client : jffe@000 / 127.0.0.1.
2021-07-12T06:39:35.078Z [751b03280fd75a68] [ACCEPTED LOGIN]   for client : jffe@000 / 127.0.0.1.
2021-07-12T06:39:35.078Z [409f30247b6c0c28] [ACCEPTED LOGIN]   for client : jffe@000 / 127.0.0.1.
2021-07-12T06:39:35.086Z [5066a948f64ab5e4] [ACCEPTED LOGIN]   for client : jffe@000 / 127.0.0.1.
2021-07-12T06:40:05.054Z [53ba07f7e557a96d] [ACCEPTED LOGIN]   for client : jffe@000 / 127.0.0.1.
2021-07-12T06:40:05.058Z [e2dc67825eb2302 ] [ACCEPTED LOGIN]   for client : jffe@000 / 127.0.0.1.
2021-07-12T06:40:05.060Z [d2135f52ef2701a ] [ACCEPTED LOGIN]   for client : jffe@000 / 127.0.0.1.
2021-07-12T06:40:35.051Z [6294bab87629e7cb] [ACCEPTED LOGIN]   for client : jffe@000 / 127.0.0.1.
2021-07-12T06:40:35.052Z [790d553dfe20051b] [ACCEPTED LOGIN]   for client : jffe@000 / 127.0.0.1.
2021-07-12T06:40:35.055Z [23af8235f04c08e2] [ACCEPTED LOGIN]   for client : jffe@000 / 127.0.0.1.
2021-07-12T06:41:05.065Z [5d98e784ba618829] [ACCEPTED LOGIN]   for client : jffe@000 / 127.0.0.1.
2021-07-12T06:41:05.067Z [6596eaf1d18246af] [ACCEPTED LOGIN]   for client : jffe@000 / 127.0.0.1.
2021-07-12T06:41:05.079Z [125ab85222e40ba9] [ACCEPTED LOGIN]   for client : jffe@000 / 127.0.0.1.
2021-07-12T06:41:35.087Z [3b88747b5d48e213] [ACCEPTED LOGIN]   for client : jffe@000 / 127.0.0.1.
2021-07-12T06:41:35.088Z [4cd6476448679497] [ACCEPTED LOGIN]   for client : jffe@000 / 127.0.0.1.
2021-07-12T06:41:35.090Z [facc06661eed89f ] [ACCEPTED LOGIN]   for client : jffe@000 / 127.0.0.1.
2021-07-12T06:42:05.067Z [547a6ed012fd5adc] [ACCEPTED LOGIN]   for client : jffe@000 / 127.0.0.1.
2021-07-12T06:42:05.067Z [2aebfd1fe7f360f6] [ACCEPTED LOGIN]   for client : jffe@000 / 127.0.0.1.
2021-07-12T06:42:05.073Z [1dd6bdb8cded7fa ] [ACCEPTED LOGIN]   for client : jffe@000 / 127.0.0.1.
2021-07-12T06:42:35.074Z [32cabb879fff0307] [ACCEPTED LOGIN]   for client : jffe@000 / 127.0.0.1.
2021-07-12T06:42:35.075Z [48e0c08d09d692bc] [ACCEPTED LOGIN]   for client : jffe@000 / 127.0.0.1.
2021-07-12T06:42:35.079Z [50b2608522d72f3c] [ACCEPTED LOGIN]   for client : jffe@000 / 127.0.0.1.
2021-07-12T06:43:05.144Z [41f8e14bb289e7c0] [ACCEPTED LOGIN]   for client : jffe@000 / 127.0.0.1.
2021-07-12T06:43:05.145Z [3ec511e3dbc7a8ac] [ACCEPTED LOGIN]   for client : jffe@000 / 127.0.0.1.
2021-07-12T06:43:05.153Z [1b39c4f24e529da7] [ACCEPTED LOGIN]   for client : jffe@000 / 127.0.0.1.
2021-07-12T06:43:35.116Z [1dcdced3f1597b42] [ACCEPTED LOGIN]   for client : jffe@000 / 127.0.0.1.
2021-07-12T06:43:35.118Z [7bb74ce72f052dc4] [ACCEPTED LOGIN]   for client : jffe@000 / 127.0.0.1.
2021-07-12T06:43:35.123Z [3a93911f062d4061] [ACCEPTED LOGIN]   for client : jffe@000 / 127.0.0.1.
2021-07-12T06:44:05.106Z [7ad195ef47be2d4c] [ACCEPTED LOGIN]   for client : jffe@000 / 127.0.0.1.
2021-07-12T06:44:05.107Z [743b64445f541cea] [ACCEPTED LOGIN]   for client : jffe@000 / 127.0.0.1.
2021-07-12T06:44:05.119Z [24e11819094810c0] [ACCEPTED LOGIN]   for client : jffe@000 / 127.0.0.1.
2021-07-12T06:44:35.143Z [5e115a818332af94] [ACCEPTED LOGIN]   for client : jffe@000 / 127.0.0.1.
2021-07-12T06:44:35.150Z [3febf17ccef17321] [ACCEPTED LOGIN]   for client : jffe@000 / 127.0.0.1.
2021-07-12T06:44:35.155Z [463613e78d33b39a] [ACCEPTED LOGIN]   for client : jffe@000 / 127.0.0.1.
2021-07-12T06:45:05.132Z [208f89267fad68b ] [ACCEPTED LOGIN]   for client : jffe@000 / 127.0.0.1.
2021-07-12T06:45:05.132Z [1d975ce61a6cb2e2] [ACCEPTED LOGIN]   for client : jffe@000 / 127.0.0.1.
2021-07-12T06:45:05.152Z [72c3f30b46d7569f] [ACCEPTED LOGIN]   for client : jffe@000 / 127.0.0.1.
2021-07-12T06:45:35.134Z [3a8e20d8f53a2cf5] [ACCEPTED LOGIN]   for client : jffe@000 / 127.0.0.1.
2021-07-12T06:45:35.134Z [3a565cc3f9a86bf8] [ACCEPTED LOGIN]   for client : jffe@000 / 127.0.0.1.
2021-07-12T06:45:35.136Z [4c7dae21bc150df3] [ACCEPTED LOGIN]   for client : jffe@000 / 127.0.0.1.
2021-07-12T06:46:05.182Z [24db270892f48d37] [ACCEPTED LOGIN]   for client : jffe@000 / 127.0.0.1.
2021-07-12T06:46:05.187Z [7dc04b2b6bed4ebb] [ACCEPTED LOGIN]   for client : jffe@000 / 127.0.0.1.
2021-07-12T06:46:05.188Z [27fdab8d6fbbfc9c] [ACCEPTED LOGIN]   for client : jffe@000 / 127.0.0.1.
2021-07-12T06:46:35.139Z [33a7b7d3ab084d03] [ACCEPTED LOGIN]   for client : jffe@000 / 127.0.0.1.
2021-07-12T06:46:35.139Z [40a75613787c3314] [ACCEPTED LOGIN]   for client : jffe@000 / 127.0.0.1.
2021-07-12T06:46:35.145Z [41b37c79da96a6a1] [ACCEPTED LOGIN]   for client : jffe@000 / 127.0.0.1.
2021-07-12T06:47:05.128Z [2802df8834039d90] [ACCEPTED LOGIN]   for client : jffe@000 / 127.0.0.1.
2021-07-12T06:47:05.128Z [502fb6fdb7123a7e] [ACCEPTED LOGIN]   for client : jffe@000 / 127.0.0.1.
2021-07-12T06:47:05.137Z [639eb1a156ce90a3] [ACCEPTED LOGIN]   for client : jffe@000 / 127.0.0.1.
2021-07-12T06:47:35.143Z [6b9901ba976d5a16] [ACCEPTED LOGIN]   for client : jffe@000 / 127.0.0.1.
2021-07-12T06:47:35.156Z [1c8bc5908d4cb677] [ACCEPTED LOGIN]   for client : jffe@000 / 127.0.0.1.
2021-07-12T06:47:35.158Z [38887aefa98a7f1e] [ACCEPTED LOGIN]   for client : jffe@000 / 127.0.0.1.
2021-07-12T06:48:05.193Z [3c671653e88db92 ] [ACCEPTED LOGIN]   for client : jffe@000 / 127.0.0.1.
2021-07-12T06:48:05.203Z [6623e98cff80d02f] [ACCEPTED LOGIN]   for client : jffe@000 / 127.0.0.1.
2021-07-12T06:48:05.217Z [2e802cf61f726016] [ACCEPTED LOGIN]   for client : jffe@000 / 127.0.0.1.
2021-07-12T06:48:35.193Z [12d2b212abfe63fa] [ACCEPTED LOGIN]   for client : jffe@000 / 127.0.0.1.
2021-07-12T06:48:35.197Z [55370aa92b695ce8] [ACCEPTED LOGIN]   for client : jffe@000 / 127.0.0.1.
2021-07-12T06:48:35.198Z [2d512c2141197e9c] [ACCEPTED LOGIN]   for client : jffe@000 / 127.0.0.1.
2021-07-12T06:49:05.156Z [29e163e3b3729c89] [ACCEPTED LOGIN]   for client : jffe@000 / 127.0.0.1.
2021-07-12T06:49:05.157Z [2669c303bfb77d15] [ACCEPTED LOGIN]   for client : jffe@000 / 127.0.0.1.
2021-07-12T06:49:05.173Z [2d5bf031a9e5f7ce] [ACCEPTED LOGIN]   for client : jffe@000 / 127.0.0.1.
2021-07-12T06:49:35.176Z [2e8be246609b3d8e] [ACCEPTED LOGIN]   for client : jffe@000 / 127.0.0.1.
2021-07-12T06:49:35.182Z [4a627fef266dd8cb] [ACCEPTED LOGIN]   for client : jffe@000 / 127.0.0.1.
2021-07-12T06:49:35.190Z [205fecc850f795f9] [ACCEPTED LOGIN]   for client : jffe@000 / 127.0.0.1.
2021-07-12T06:50:05.169Z [572e90731f53d209] [ACCEPTED LOGIN]   for client : jffe@000 / 127.0.0.1.
2021-07-12T06:50:05.172Z [153287d6a265166a] [ACCEPTED LOGIN]   for client : jffe@000 / 127.0.0.1.
2021-07-12T06:50:05.178Z [fec222f4d73a3fb ] [ACCEPTED LOGIN]   for client : jffe@000 / 127.0.0.1.
2021-07-12T06:50:35.180Z [c87cb3a9dc0fba4 ] [ACCEPTED LOGIN]   for client : jffe@000 / 127.0.0.1.
2021-07-12T06:50:35.186Z [1d018a10ff55089b] [ACCEPTED LOGIN]   for client : jffe@000 / 127.0.0.1.
2021-07-12T06:50:35.191Z [7a83b50f552bbdcb] [ACCEPTED LOGIN]   for client : jffe@000 / 127.0.0.1.
2021-07-12T06:51:05.194Z [682170b725320ca8] [ACCEPTED LOGIN]   for client : jffe@000 / 127.0.0.1.
2021-07-12T06:51:05.194Z [325da5318d0c5521] [ACCEPTED LOGIN]   for client : jffe@000 / 127.0.0.1.
2021-07-12T06:51:05.200Z [379c8ed039aa85c4] [ACCEPTED LOGIN]   for client : jffe@000 / 127.0.0.1.
2021-07-12T06:51:35.179Z [3ee49ee2af523824] [ACCEPTED LOGIN]   for client : jffe@000 / 127.0.0.1.
2021-07-12T06:51:35.183Z [418c1f7a9129e9c9] [ACCEPTED LOGIN]   for client : jffe@000 / 127.0.0.1.
2021-07-12T06:51:35.183Z [18730685eb8f54f0] [ACCEPTED LOGIN]   for client : jffe@000 / 127.0.0.1.
2021-07-12T06:52:05.209Z [426f78ec67fe8925] [ACCEPTED LOGIN]   for client : jffe@000 / 127.0.0.1.
2021-07-12T06:52:05.211Z [3556bc3613230457] [ACCEPTED LOGIN]   for client : jffe@000 / 127.0.0.1.
2021-07-12T06:52:05.216Z [6f69139092c92a95] [ACCEPTED LOGIN]   for client : jffe@000 / 127.0.0.1.
2021-07-12T06:52:35.193Z [36ee76ffb0ca9257] [ACCEPTED LOGIN]   for client : jffe@000 / 127.0.0.1.
2021-07-12T06:52:35.197Z [1c20d4b06a55a7a2] [ACCEPTED LOGIN]   for client : jffe@000 / 127.0.0.1.
2021-07-12T06:52:35.203Z [233eda695fe43a8f] [ACCEPTED LOGIN]   for client : jffe@000 / 127.0.0.1.
2021-07-12T06:53:05.251Z [3669ec79d612f4d6] [ACCEPTED LOGIN]   for client : jffe@000 / 127.0.0.1.
2021-07-12T06:53:05.253Z [626974473bb3c7e6] [ACCEPTED LOGIN]   for client : jffe@000 / 127.0.0.1.
2021-07-12T06:53:05.260Z [2601a5f9ec292ffd] [ACCEPTED LOGIN]   for client : jffe@000 / 127.0.0.1.
2021-07-12T06:53:35.266Z [57d5f719613eadab] [ACCEPTED LOGIN]   for client : jffe@000 / 127.0.0.1.
2021-07-12T06:53:35.267Z [475b70bea78617bc] [ACCEPTED LOGIN]   for client : jffe@000 / 127.0.0.1.
2021-07-12T06:53:35.275Z [4a315853061d909 ] [ACCEPTED LOGIN]   for client : jffe@000 / 127.0.0.1.
2021-07-12T06:54:05.208Z [fc90058e3c0c08e ] [ACCEPTED LOGIN]   for client : jffe@000 / 127.0.0.1.
2021-07-12T06:54:05.211Z [19d3f7e6719ae632] [ACCEPTED LOGIN]   for client : jffe@000 / 127.0.0.1.
2021-07-12T06:54:05.214Z [1f01601e24dea078] [ACCEPTED LOGIN]   for client : jffe@000 / 127.0.0.1.
2021-07-12T06:54:35.233Z [3d9754f47d86079a] [ACCEPTED LOGIN]   for client : jffe@000 / 127.0.0.1.
2021-07-12T06:54:35.233Z [16c3d4bf3b649e3b] [ACCEPTED LOGIN]   for client : jffe@000 / 127.0.0.1.
2021-07-12T06:54:35.257Z [4c20fed6532fa8c1] [ACCEPTED LOGIN]   for client : jffe@000 / 127.0.0.1.
2021-07-12T06:55:05.209Z [2338635f1c137f9c] [ACCEPTED LOGIN]   for client : jffe@000 / 127.0.0.1.
2021-07-12T06:55:05.210Z [73e006a2f2ccbdee] [ACCEPTED LOGIN]   for client : jffe@000 / 127.0.0.1.
2021-07-12T06:55:05.214Z [7db140a5fb34f0f7] [ACCEPTED LOGIN]   for client : jffe@000 / 127.0.0.1.
2021-07-12T15:15:02.943Z [577ef2b75279e045] [ACCEPTED LOGIN]   for client : jffe@000 / 127.0.0.1.
2021-07-12T15:15:27.949Z [4c96a899765f34f ] [ACCEPTED LOGIN]   for client : anonymous / 192.168.44.1.
2021-07-12T15:15:28.020Z [4c96a899765f34f ] [ACCEPTED LOGIN]   for client : anonymous / 192.168.44.1.
2021-07-12T15:15:28.322Z [4e916ef55cc2bbd2] [ACCEPTED LOGIN]   for client : anonymous / 192.168.44.1.
2021-07-12T15:15:29.198Z [316164c403ce5da4] [ACCEPTED LOGIN]   for client : anonymous / 192.168.44.1.
2021-07-12T15:15:29.199Z [316164c403ce5da4] [ACCEPTED LOGIN]   for client : anonymous / 192.168.44.1.
2021-07-12T15:15:30.351Z [6ddd2df2167c137a] [ACCEPTED LOGIN]   for client : anonymous / 192.168.44.1.
2021-07-12T15:15:35.206Z [3ee3fd8d1c28b833] [ACCEPTED LOGIN]   for client : jffe@000 / 127.0.0.1.
2021-07-12T15:15:35.209Z [5afe9e4d86d594d0] [ACCEPTED LOGIN]   for client : jffe@000 / 127.0.0.1.
2021-07-12T15:15:35.231Z [1fdb193c0c120278] [ACCEPTED LOGIN]   for client : jffe@000 / 127.0.0.1.
2021-07-12T15:16:05.215Z [20940cad850c191 ] [ACCEPTED LOGIN]   for client : jffe@000 / 127.0.0.1.
2021-07-12T15:16:05.222Z [376a3b7148b3383a] [ACCEPTED LOGIN]   for client : jffe@000 / 127.0.0.1.
2021-07-12T15:16:05.228Z [6eb48afe0351780b] [ACCEPTED LOGIN]   for client : jffe@000 / 127.0.0.1.
2021-07-12T15:16:31.480Z [6f0cd12b09906617] [ACCEPTED LOGIN]   for client : admin / 192.168.44.1.
2021-07-12T15:16:31.856Z [3593bff577d8ce4b] [ACCEPTED LOGIN]   for client : admin / 192.168.44.1.
2021-07-12T15:16:31.859Z [3593bff577d8ce4b] [ACCEPTED LOGIN]   for client : admin / 192.168.44.1.
2021-07-12T15:16:31.920Z [157dc0d52324b343] [ACCEPTED LOGIN]   for client : admin / 192.168.44.1.
2021-07-12T15:16:35.218Z [5276d10defb6271a] [ACCEPTED LOGIN]   for client : jffe@000 / 127.0.0.1.
2021-07-12T15:16:35.219Z [6bfd7e74a9576eda] [ACCEPTED LOGIN]   for client : jffe@000 / 127.0.0.1.
2021-07-12T15:16:35.223Z [5b6df67fcaac0b19] [ACCEPTED LOGIN]   for client : jffe@000 / 127.0.0.1.
2021-07-12T15:16:57.109Z [2d48deb18d1c3feb] [ACCEPTED LOGIN]   for client : admin / 192.168.44.1.
2021-07-12T15:17:05.258Z [757c9bf45d99c70a] [ACCEPTED LOGIN]   for client : jffe@000 / 127.0.0.1.
2021-07-12T15:17:05.265Z [37dbe71320f096a0] [ACCEPTED LOGIN]   for client : jffe@000 / 127.0.0.1.
2021-07-12T15:17:05.285Z [1ddd43db6cec5e66] [ACCEPTED LOGIN]   for client : jffe@000 / 127.0.0.1.
2021-07-12T15:17:22.052Z [6204b5c5b72a8994] [ACCEPTED LOGIN]   for client : admin / 192.168.44.1.
2021-07-12T15:17:35.220Z [621df5b1d22c1faf] [ACCEPTED LOGIN]   for client : jffe@000 / 127.0.0.1.
2021-07-12T15:17:35.222Z [5ab56da90810c71d] [ACCEPTED LOGIN]   for client : jffe@000 / 127.0.0.1.
2021-07-12T15:17:35.227Z [613b400061a98001] [ACCEPTED LOGIN]   for client : jffe@000 / 127.0.0.1.
2021-07-12T15:17:47.114Z [5d3705828d28bf6 ] [ACCEPTED LOGIN]   for client : admin / 192.168.44.1.
2021-07-12T15:18:05.250Z [421961fc0e9421a2] [ACCEPTED LOGIN]   for client : jffe@000 / 127.0.0.1.
2021-07-12T15:18:05.266Z [497b5de0b099ac34] [ACCEPTED LOGIN]   for client : jffe@000 / 127.0.0.1.
2021-07-12T15:18:05.274Z [7d0a02e7b11b2266] [ACCEPTED LOGIN]   for client : jffe@000 / 127.0.0.1.
2021-07-12T15:18:12.045Z [5ff346414e8c7044] [ACCEPTED LOGIN]   for client : admin / 192.168.44.1.
2021-07-12T15:18:35.226Z [103c25db9dea0070] [ACCEPTED LOGIN]   for client : jffe@000 / 127.0.0.1.
2021-07-12T15:18:35.230Z [2a3ef846d7d4083e] [ACCEPTED LOGIN]   for client : jffe@000 / 127.0.0.1.
2021-07-12T15:18:35.235Z [15098db4531f1995] [ACCEPTED LOGIN]   for client : jffe@000 / 127.0.0.1.
2021-07-12T15:18:37.089Z [768588ab6f8a7d1a] [ACCEPTED LOGIN]   for client : admin / 192.168.44.1.
2021-07-12T15:19:02.048Z [4e4cbcd2f62cc63a] [ACCEPTED LOGIN]   for client : admin / 192.168.44.1.
2021-07-12T15:19:05.222Z [35ab6f09ec451ac6] [ACCEPTED LOGIN]   for client : jffe@000 / 127.0.0.1.
2021-07-12T15:19:05.226Z [1777ab4da3b18830] [ACCEPTED LOGIN]   for client : jffe@000 / 127.0.0.1.
2021-07-12T15:19:05.231Z [2fbb354642fc9f2b] [ACCEPTED LOGIN]   for client : jffe@000 / 127.0.0.1.
2021-07-12T15:19:27.043Z [1f6f2e7a8abb6bfa] [ACCEPTED LOGIN]   for client : admin / 192.168.44.1.
2021-07-12T15:19:35.232Z [355d59ec7281bf91] [ACCEPTED LOGIN]   for client : jffe@000 / 127.0.0.1.
2021-07-12T15:19:35.234Z [21d2916bf54050bd] [ACCEPTED LOGIN]   for client : jffe@000 / 127.0.0.1.
2021-07-12T15:19:35.232Z [1a7aac1afd2ac0a5] [ACCEPTED LOGIN]   for client : jffe@000 / 127.0.0.1.
2021-07-12T15:19:52.042Z [640ecf242794f87f] [ACCEPTED LOGIN]   for client : admin / 192.168.44.1.
2021-07-12T15:20:05.239Z [4fa64e8b95377b5e] [ACCEPTED LOGIN]   for client : jffe@000 / 127.0.0.1.
2021-07-12T15:20:05.242Z [50a37102fc6f7d66] [ACCEPTED LOGIN]   for client : jffe@000 / 127.0.0.1.
2021-07-12T15:20:05.247Z [7365506a6ea68bb2] [ACCEPTED LOGIN]   for client : jffe@000 / 127.0.0.1.
2021-07-12T15:20:17.066Z [6a06f035558837b2] [ACCEPTED LOGIN]   for client : admin / 192.168.44.1.
2021-07-12T15:20:35.474Z [138bf14b01e1e5d ] [ACCEPTED LOGIN]   for client : jffe@000 / 127.0.0.1.
2021-07-12T15:20:35.474Z [13c0dbe5f7655f4d] [ACCEPTED LOGIN]   for client : jffe@000 / 127.0.0.1.
2021-07-12T15:20:35.483Z [1f30fa8e7c34443a] [ACCEPTED LOGIN]   for client : jffe@000 / 127.0.0.1.
2021-07-12T15:20:42.038Z [1215a4b8c1dfccd4] [ACCEPTED LOGIN]   for client : admin / 192.168.44.1.
2021-07-12T15:21:05.480Z [7d7f1f51350a14a ] [ACCEPTED LOGIN]   for client : jffe@000 / 127.0.0.1.
2021-07-12T15:21:05.480Z [4b1ed004f8ffa90a] [ACCEPTED LOGIN]   for client : jffe@000 / 127.0.0.1.
2021-07-12T15:21:05.483Z [18a17a407b985509] [ACCEPTED LOGIN]   for client : jffe@000 / 127.0.0.1.
2021-07-12T15:21:07.038Z [1f7e3941b0b04820] [ACCEPTED LOGIN]   for client : admin / 192.168.44.1.
2021-07-12T15:21:32.044Z [3baf4a4c2b06b5a1] [ACCEPTED LOGIN]   for client : admin / 192.168.44.1.
2021-07-12T15:21:35.466Z [53479ea54f03ba5d] [ACCEPTED LOGIN]   for client : jffe@000 / 127.0.0.1.
2021-07-12T15:21:35.468Z [53eea82a67d916d3] [ACCEPTED LOGIN]   for client : jffe@000 / 127.0.0.1.
2021-07-12T15:21:35.467Z [331195f7e6ded81e] [ACCEPTED LOGIN]   for client : jffe@000 / 127.0.0.1.
2021-07-12T15:21:57.055Z [7701b7b88f03e50e] [ACCEPTED LOGIN]   for client : admin / 192.168.44.1.
2021-07-12T15:22:05.493Z [4129b3fc501a62c3] [ACCEPTED LOGIN]   for client : jffe@000 / 127.0.0.1.
2021-07-12T15:22:05.500Z [4e029c5d7a6c8c7d] [ACCEPTED LOGIN]   for client : jffe@000 / 127.0.0.1.
2021-07-12T15:22:05.508Z [6fd4371dc964c17 ] [ACCEPTED LOGIN]   for client : jffe@000 / 127.0.0.1.
2021-07-12T15:22:22.038Z [743297bd106288f1] [ACCEPTED LOGIN]   for client : admin / 192.168.44.1.
2021-07-12T15:22:35.462Z [77e770adc53263d0] [ACCEPTED LOGIN]   for client : jffe@000 / 127.0.0.1.
2021-07-12T15:22:35.478Z [3723729f3b4e2504] [ACCEPTED LOGIN]   for client : jffe@000 / 127.0.0.1.
2021-07-12T15:22:35.482Z [68ee221813fe9602] [ACCEPTED LOGIN]   for client : jffe@000 / 127.0.0.1.
2021-07-12T15:23:05.502Z [11f5d3e492741809] [ACCEPTED LOGIN]   for client : jffe@000 / 127.0.0.1.
2021-07-12T15:23:05.515Z [e62ad55f043a39a ] [ACCEPTED LOGIN]   for client : jffe@000 / 127.0.0.1.
2021-07-12T15:23:05.519Z [436abe2ca5478daf] [ACCEPTED LOGIN]   for client : jffe@000 / 127.0.0.1.
2021-07-12T15:23:18.102Z [30eaf9590468c7d8] [ACCEPTED LOGIN]   for client : admin / 192.168.44.1.
2021-07-12T15:23:35.488Z [69fa01519705ffb ] [ACCEPTED LOGIN]   for client : jffe@000 / 127.0.0.1.
2021-07-12T15:23:35.489Z [13fa7ecb643ae568] [ACCEPTED LOGIN]   for client : jffe@000 / 127.0.0.1.
2021-07-12T15:23:35.489Z [5d5eaf64e7225780] [ACCEPTED LOGIN]   for client : jffe@000 / 127.0.0.1.
2021-07-12T15:24:05.644Z [673aa2be191a1532] [ACCEPTED LOGIN]   for client : jffe@000 / 127.0.0.1.
2021-07-12T15:24:05.650Z [48d5cd9b798201c8] [ACCEPTED LOGIN]   for client : jffe@000 / 127.0.0.1.
2021-07-12T15:24:05.652Z [d1682729eb5997f ] [ACCEPTED LOGIN]   for client : jffe@000 / 127.0.0.1.
2021-07-12T15:24:18.087Z [479aa115b3adcdff] [ACCEPTED LOGIN]   for client : admin / 192.168.44.1.
2021-07-12T15:24:35.662Z [75b575007e58c432] [ACCEPTED LOGIN]   for client : jffe@000 / 127.0.0.1.
2021-07-12T15:24:35.671Z [3fad68dab64cfaec] [ACCEPTED LOGIN]   for client : jffe@000 / 127.0.0.1.
2021-07-12T15:24:35.675Z [2eed9a15c4e67348] [ACCEPTED LOGIN]   for client : jffe@000 / 127.0.0.1.
2021-07-12T15:25:05.699Z [5320a095db864e2c] [ACCEPTED LOGIN]   for client : jffe@000 / 127.0.0.1.
2021-07-12T15:25:05.704Z [5f8b9065c0d26e4a] [ACCEPTED LOGIN]   for client : jffe@000 / 127.0.0.1.
2021-07-12T15:25:05.713Z [43bdc7e6ba8bba0c] [ACCEPTED LOGIN]   for client : jffe@000 / 127.0.0.1.
2021-07-12T15:25:10.522Z [6994073b91167892] [ACCEPTED LOGIN]   for client : admin / 192.168.44.1.
2021-07-12T15:25:35.654Z [33eb3bd3ca2475ea] [ACCEPTED LOGIN]   for client : jffe@000 / 127.0.0.1.
2021-07-12T15:25:35.656Z [2abe5f1e89e00906] [ACCEPTED LOGIN]   for client : jffe@000 / 127.0.0.1.
2021-07-12T15:25:35.658Z [627634a787a7431 ] [ACCEPTED LOGIN]   for client : jffe@000 / 127.0.0.1.
2021-07-12T15:25:42.035Z [4b269abfd03e7d3d] [ACCEPTED LOGIN]   for client : admin / 192.168.44.1.
2021-07-12T15:26:05.657Z [3132d03c1e54d70c] [ACCEPTED LOGIN]   for client : jffe@000 / 127.0.0.1.
2021-07-12T15:26:05.657Z [4a7154e5f33c22a3] [ACCEPTED LOGIN]   for client : jffe@000 / 127.0.0.1.
2021-07-12T15:26:05.661Z [2964d843cc31d7fa] [ACCEPTED LOGIN]   for client : jffe@000 / 127.0.0.1.
2021-07-12T15:26:07.048Z [3edb3a89212c7ee8] [ACCEPTED LOGIN]   for client : admin / 192.168.44.1.
2021-07-12T15:26:32.097Z [396642cfee837de2] [ACCEPTED LOGIN]   for client : admin / 192.168.44.1.
2021-07-12T15:26:35.656Z [5a9bfda32962450e] [ACCEPTED LOGIN]   for client : jffe@000 / 127.0.0.1.
2021-07-12T15:26:35.666Z [16ac8a38851a18ca] [ACCEPTED LOGIN]   for client : jffe@000 / 127.0.0.1.
2021-07-12T15:26:35.667Z [14980815b13596ac] [ACCEPTED LOGIN]   for client : jffe@000 / 127.0.0.1.
2021-07-12T15:26:57.048Z [467cdb49bc2b9818] [ACCEPTED LOGIN]   for client : admin / 192.168.44.1.
2021-07-12T15:27:05.662Z [3f7001947cf0659e] [ACCEPTED LOGIN]   for client : jffe@000 / 127.0.0.1.
2021-07-12T15:27:05.666Z [69d11f1d978f8aa3] [ACCEPTED LOGIN]   for client : jffe@000 / 127.0.0.1.
2021-07-12T15:27:05.679Z [c5e76dc0e7b81e0 ] [ACCEPTED LOGIN]   for client : jffe@000 / 127.0.0.1.
2021-07-12T15:27:22.042Z [1c95fadfde9a6df4] [ACCEPTED LOGIN]   for client : admin / 192.168.44.1.
2021-07-12T15:27:35.711Z [10717f99fa57bd30] [ACCEPTED LOGIN]   for client : jffe@000 / 127.0.0.1.
2021-07-12T15:27:35.715Z [738ee82a6ba65ca5] [ACCEPTED LOGIN]   for client : jffe@000 / 127.0.0.1.
2021-07-12T15:27:35.732Z [1c0fbbda18be3dee] [ACCEPTED LOGIN]   for client : jffe@000 / 127.0.0.1.
2021-07-12T15:27:47.063Z [62192f69523d901b] [ACCEPTED LOGIN]   for client : admin / 192.168.44.1.
2021-07-12T15:28:05.683Z [2d9025835b9640e7] [ACCEPTED LOGIN]   for client : jffe@000 / 127.0.0.1.
2021-07-12T15:28:05.703Z [318ddf906bd44a51] [ACCEPTED LOGIN]   for client : jffe@000 / 127.0.0.1.
2021-07-12T15:28:05.704Z [5fe0a50678050aa8] [ACCEPTED LOGIN]   for client : jffe@000 / 127.0.0.1.
2021-07-12T15:28:12.017Z [28caa65cd3d836f3] [ACCEPTED LOGIN]   for client : admin / 192.168.44.1.
2021-07-12T15:28:35.668Z [4165816a51ec7ab7] [ACCEPTED LOGIN]   for client : jffe@000 / 127.0.0.1.
2021-07-12T15:28:35.671Z [40d8c69b51a86ceb] [ACCEPTED LOGIN]   for client : jffe@000 / 127.0.0.1.
2021-07-12T15:28:35.674Z [225cef4984215257] [ACCEPTED LOGIN]   for client : jffe@000 / 127.0.0.1.
2021-07-12T15:28:36.993Z [41a1059c7a1833bc] [ACCEPTED LOGIN]   for client : admin / 192.168.44.1.
2021-07-12T15:29:02.036Z [2859bd921d4518df] [ACCEPTED LOGIN]   for client : admin / 192.168.44.1.
2021-07-12T15:29:05.688Z [5cb8a0ed3eda42fd] [ACCEPTED LOGIN]   for client : jffe@000 / 127.0.0.1.
2021-07-12T15:29:05.701Z [306207e2fe92fa  ] [ACCEPTED LOGIN]   for client : jffe@000 / 127.0.0.1.
2021-07-12T15:29:05.702Z [125a59b74a82eac1] [ACCEPTED LOGIN]   for client : jffe@000 / 127.0.0.1.
2021-07-12T15:29:26.983Z [22856b3ba7544e2b] [ACCEPTED LOGIN]   for client : admin / 192.168.44.1.
2021-07-12T15:29:35.672Z [2dc0382bec39688 ] [ACCEPTED LOGIN]   for client : jffe@000 / 127.0.0.1.
2021-07-12T15:29:35.685Z [72a5d474844d2701] [ACCEPTED LOGIN]   for client : jffe@000 / 127.0.0.1.
2021-07-12T15:29:35.691Z [b8705366e1d48fd ] [ACCEPTED LOGIN]   for client : jffe@000 / 127.0.0.1.
2021-07-12T15:29:51.965Z [686fac79e9991c2a] [ACCEPTED LOGIN]   for client : admin / 192.168.44.1.
2021-07-12T15:30:05.680Z [ffff10e438aee16 ] [ACCEPTED LOGIN]   for client : jffe@000 / 127.0.0.1.
2021-07-12T15:30:05.686Z [7e28e4baf74913d8] [ACCEPTED LOGIN]   for client : jffe@000 / 127.0.0.1.
2021-07-12T15:30:05.688Z [1442b6100ab54ad ] [ACCEPTED LOGIN]   for client : jffe@000 / 127.0.0.1.
2021-07-12T15:30:18.071Z [75ed1dfc3801899b] [ACCEPTED LOGIN]   for client : admin / 192.168.44.1.
2021-07-12T15:30:35.755Z [4241fe764cddedd2] [ACCEPTED LOGIN]   for client : jffe@000 / 127.0.0.1.
2021-07-12T15:30:35.762Z [3cd81e1af07ed375] [ACCEPTED LOGIN]   for client : jffe@000 / 127.0.0.1.
2021-07-12T15:30:35.775Z [2555e3abd9ab5ec3] [ACCEPTED LOGIN]   for client : jffe@000 / 127.0.0.1.
2021-07-12T15:31:05.755Z [5a065354d4efa6ea] [ACCEPTED LOGIN]   for client : jffe@000 / 127.0.0.1.
2021-07-12T15:31:05.756Z [6bbc9157805a77d0] [ACCEPTED LOGIN]   for client : jffe@000 / 127.0.0.1.
2021-07-12T15:31:05.765Z [157031017dc0cebc] [ACCEPTED LOGIN]   for client : jffe@000 / 127.0.0.1.
2021-07-12T15:31:18.062Z [1a0e867e2dfb7959] [ACCEPTED LOGIN]   for client : admin / 192.168.44.1.
2021-07-12T15:31:35.760Z [5f5649c83a8595e2] [ACCEPTED LOGIN]   for client : jffe@000 / 127.0.0.1.
2021-07-12T15:31:35.779Z [4bbd69c5ab51c8cd] [ACCEPTED LOGIN]   for client : jffe@000 / 127.0.0.1.
2021-07-12T15:31:35.776Z [5c90474ad33c1d73] [ACCEPTED LOGIN]   for client : jffe@000 / 127.0.0.1.
2021-07-12T15:32:05.794Z [38c96d1effb75560] [ACCEPTED LOGIN]   for client : jffe@000 / 127.0.0.1.
2021-07-12T15:32:05.797Z [3957a31156c2fc4f] [ACCEPTED LOGIN]   for client : jffe@000 / 127.0.0.1.
2021-07-12T15:32:05.802Z [92181c03efc659b ] [ACCEPTED LOGIN]   for client : jffe@000 / 127.0.0.1.
2021-07-12T15:32:18.095Z [5f20579651c51410] [ACCEPTED LOGIN]   for client : admin / 192.168.44.1.
2021-07-12T15:32:35.793Z [436a10b1d1640c07] [ACCEPTED LOGIN]   for client : jffe@000 / 127.0.0.1.
2021-07-12T15:32:35.797Z [4a2073b497000654] [ACCEPTED LOGIN]   for client : jffe@000 / 127.0.0.1.
2021-07-12T15:32:35.851Z [5e5cc1b6c3655d18] [ACCEPTED LOGIN]   for client : jffe@000 / 127.0.0.1.
2021-07-12T15:33:05.779Z [6139c61978a151d8] [ACCEPTED LOGIN]   for client : jffe@000 / 127.0.0.1.
2021-07-12T15:33:05.779Z [4fcc6a32b89aea8f] [ACCEPTED LOGIN]   for client : jffe@000 / 127.0.0.1.
2021-07-12T15:33:05.782Z [45d4381a9922070d] [ACCEPTED LOGIN]   for client : jffe@000 / 127.0.0.1.
2021-07-12T15:33:18.114Z [3ec3799a4f86fa0a] [ACCEPTED LOGIN]   for client : admin / 192.168.44.1.
2021-07-12T15:33:35.778Z [75784132a82a42de] [ACCEPTED LOGIN]   for client : jffe@000 / 127.0.0.1.
2021-07-12T15:33:35.779Z [208155110e512426] [ACCEPTED LOGIN]   for client : jffe@000 / 127.0.0.1.
2021-07-12T15:33:35.783Z [20c2be03ff9f1e0 ] [ACCEPTED LOGIN]   for client : jffe@000 / 127.0.0.1.
2021-07-12T15:34:05.785Z [2e256dd1147a4277] [ACCEPTED LOGIN]   for client : jffe@000 / 127.0.0.1.
2021-07-12T15:34:05.786Z [5420dcc07c48445f] [ACCEPTED LOGIN]   for client : jffe@000 / 127.0.0.1.
2021-07-12T15:34:05.786Z [71930d92df473172] [ACCEPTED LOGIN]   for client : jffe@000 / 127.0.0.1.
2021-07-12T15:34:18.126Z [672dc65500265e62] [ACCEPTED LOGIN]   for client : admin / 192.168.44.1.
2021-07-12T15:34:35.787Z [3c005a4cc4d8f48b] [ACCEPTED LOGIN]   for client : jffe@000 / 127.0.0.1.
2021-07-12T15:34:35.793Z [569abd7999c2d80f] [ACCEPTED LOGIN]   for client : jffe@000 / 127.0.0.1.
2021-07-12T15:34:35.794Z [2959495020ad62fd] [ACCEPTED LOGIN]   for client : jffe@000 / 127.0.0.1.
2021-07-12T15:35:05.845Z [68376c9de33b421e] [ACCEPTED LOGIN]   for client : jffe@000 / 127.0.0.1.
2021-07-12T15:35:05.846Z [67430099b9be8a4 ] [ACCEPTED LOGIN]   for client : jffe@000 / 127.0.0.1.
2021-07-12T15:35:05.855Z [478f492bc2bbf22c] [ACCEPTED LOGIN]   for client : jffe@000 / 127.0.0.1.
2021-07-12T15:35:18.133Z [2c4e18c66aa635b9] [ACCEPTED LOGIN]   for client : admin / 192.168.44.1.
2021-07-12T15:35:35.792Z [7bc85b7bdac8e599] [ACCEPTED LOGIN]   for client : jffe@000 / 127.0.0.1.
2021-07-12T15:35:35.800Z [6ffba07aaceb026d] [ACCEPTED LOGIN]   for client : jffe@000 / 127.0.0.1.
2021-07-12T15:35:35.800Z [72683c7627205af4] [ACCEPTED LOGIN]   for client : jffe@000 / 127.0.0.1.
2021-07-12T15:36:06.012Z [25b011c4c9e608b5] [ACCEPTED LOGIN]   for client : jffe@000 / 127.0.0.1.
2021-07-12T15:36:06.014Z [47ab2437987920c7] [ACCEPTED LOGIN]   for client : jffe@000 / 127.0.0.1.
2021-07-12T15:36:06.033Z [6ecafbc672a5f6ab] [ACCEPTED LOGIN]   for client : jffe@000 / 127.0.0.1.
2021-07-12T15:36:18.230Z [47c7c850dd205616] [ACCEPTED LOGIN]   for client : admin / 192.168.44.1.
2021-07-12T15:36:36.010Z [687f36ee847e7537] [ACCEPTED LOGIN]   for client : jffe@000 / 127.0.0.1.
2021-07-12T15:36:36.035Z [1b62947deca4b6d3] [ACCEPTED LOGIN]   for client : jffe@000 / 127.0.0.1.
2021-07-12T15:36:36.065Z [475ab200570947ef] [ACCEPTED LOGIN]   for client : jffe@000 / 127.0.0.1.
2021-07-12T15:37:05.831Z [2d2eccc20ff47dbb] [ACCEPTED LOGIN]   for client : jffe@000 / 127.0.0.1.
2021-07-12T15:37:05.832Z [4b1bc2ee29a0fddf] [ACCEPTED LOGIN]   for client : jffe@000 / 127.0.0.1.
2021-07-12T15:37:05.840Z [580e90699efed7cb] [ACCEPTED LOGIN]   for client : jffe@000 / 127.0.0.1.
2021-07-12T15:37:18.191Z [294cc27b871d2e4b] [ACCEPTED LOGIN]   for client : admin / 192.168.44.1.
2021-07-12T15:37:35.836Z [6b78473de35647d3] [ACCEPTED LOGIN]   for client : jffe@000 / 127.0.0.1.
2021-07-12T15:37:35.837Z [4b958f6e16761828] [ACCEPTED LOGIN]   for client : jffe@000 / 127.0.0.1.
2021-07-12T15:37:35.844Z [4c4585a4c10f64fb] [ACCEPTED LOGIN]   for client : jffe@000 / 127.0.0.1.
2021-07-12T15:38:05.840Z [31e0ef9b43065cf5] [ACCEPTED LOGIN]   for client : jffe@000 / 127.0.0.1.
2021-07-12T15:38:05.843Z [68d4c257751c8f1c] [ACCEPTED LOGIN]   for client : jffe@000 / 127.0.0.1.
2021-07-12T15:38:05.849Z [6fa1e61c089b5964] [ACCEPTED LOGIN]   for client : jffe@000 / 127.0.0.1.
2021-07-12T15:38:18.090Z [466d35f2b17bf96e] [ACCEPTED LOGIN]   for client : admin / 192.168.44.1.
2021-07-12T15:38:35.879Z [27052bd5d49977ac] [ACCEPTED LOGIN]   for client : jffe@000 / 127.0.0.1.
2021-07-12T15:38:35.883Z [33c171e32dc4f215] [ACCEPTED LOGIN]   for client : jffe@000 / 127.0.0.1.
2021-07-12T15:38:35.905Z [1eabb22ecea30b09] [ACCEPTED LOGIN]   for client : jffe@000 / 127.0.0.1.
2021-07-12T15:39:05.843Z [28c97957e72fe879] [ACCEPTED LOGIN]   for client : jffe@000 / 127.0.0.1.
2021-07-12T15:39:05.850Z [5f4a4d7e913613e3] [ACCEPTED LOGIN]   for client : jffe@000 / 127.0.0.1.
2021-07-12T15:39:05.855Z [44997b8838f6c8c9] [ACCEPTED LOGIN]   for client : jffe@000 / 127.0.0.1.
2021-07-12T15:39:18.067Z [41525be6849faa32] [ACCEPTED LOGIN]   for client : admin / 192.168.44.1.
2021-07-12T15:39:36.732Z [72623b4ef423e8e8] [ACCEPTED LOGIN]   for client : jffe@000 / 127.0.0.1.
2021-07-12T15:39:36.775Z [d1b76d653ece657 ] [ACCEPTED LOGIN]   for client : jffe@000 / 127.0.0.1.
2021-07-12T15:39:36.903Z [55e3b2ecdde3fbe8] [ACCEPTED LOGIN]   for client : jffe@000 / 127.0.0.1.
2021-07-12T15:40:05.827Z [76d01a49aa0696dc] [ACCEPTED LOGIN]   for client : jffe@000 / 127.0.0.1.
2021-07-12T15:40:05.834Z [45460c584dc3c67a] [ACCEPTED LOGIN]   for client : jffe@000 / 127.0.0.1.
2021-07-12T15:40:05.838Z [bedd37bdc20395f ] [ACCEPTED LOGIN]   for client : jffe@000 / 127.0.0.1.
2021-07-12T15:40:18.042Z [6c95e7cde5b837fb] [ACCEPTED LOGIN]   for client : admin / 192.168.44.1.
2021-07-12T15:40:35.846Z [905ddc28564fe79 ] [ACCEPTED LOGIN]   for client : jffe@000 / 127.0.0.1.
2021-07-12T15:40:35.849Z [1dfc8e11e568a04 ] [ACCEPTED LOGIN]   for client : jffe@000 / 127.0.0.1.
2021-07-12T15:40:35.852Z [74e8524f99ef3506] [ACCEPTED LOGIN]   for client : jffe@000 / 127.0.0.1.
2021-07-12T15:41:05.846Z [3f84b7bc0e484b69] [ACCEPTED LOGIN]   for client : jffe@000 / 127.0.0.1.
2021-07-12T15:41:05.856Z [395e44aa4b3ff054] [ACCEPTED LOGIN]   for client : jffe@000 / 127.0.0.1.
2021-07-12T15:41:05.857Z [57c6f825e3ae19b2] [ACCEPTED LOGIN]   for client : jffe@000 / 127.0.0.1.
2021-07-12T15:41:18.018Z [5bec39219e39ba7a] [ACCEPTED LOGIN]   for client : admin / 192.168.44.1.
2021-07-12T15:41:35.857Z [6cd131f54f76f38d] [ACCEPTED LOGIN]   for client : jffe@000 / 127.0.0.1.
2021-07-12T15:41:35.864Z [5c4425559c73d1ae] [ACCEPTED LOGIN]   for client : jffe@000 / 127.0.0.1.
2021-07-12T15:41:35.870Z [2c3d6afef630e58d] [ACCEPTED LOGIN]   for client : jffe@000 / 127.0.0.1.
2021-07-12T15:42:05.870Z [55baccff444bb2f2] [ACCEPTED LOGIN]   for client : jffe@000 / 127.0.0.1.
2021-07-12T15:42:05.872Z [6738ac40c6b61394] [ACCEPTED LOGIN]   for client : jffe@000 / 127.0.0.1.
2021-07-12T15:42:05.879Z [63727f3b03749130] [ACCEPTED LOGIN]   for client : jffe@000 / 127.0.0.1.
2021-07-12T15:42:18.058Z [430fa59f431ae5af] [ACCEPTED LOGIN]   for client : admin / 192.168.44.1.
2021-07-12T15:42:35.866Z [6456659e9b7f7164] [ACCEPTED LOGIN]   for client : jffe@000 / 127.0.0.1.
2021-07-12T15:42:35.867Z [cc2dafc2a19f5b4 ] [ACCEPTED LOGIN]   for client : jffe@000 / 127.0.0.1.
2021-07-12T15:42:35.871Z [5c2cbf3ff5684dff] [ACCEPTED LOGIN]   for client : jffe@000 / 127.0.0.1.
2021-07-12T15:43:05.981Z [7da27646e1799f53] [ACCEPTED LOGIN]   for client : jffe@000 / 127.0.0.1.
2021-07-12T15:43:05.987Z [cf95c958dad9d01 ] [ACCEPTED LOGIN]   for client : jffe@000 / 127.0.0.1.
2021-07-12T15:43:05.991Z [2c34153869d85dd ] [ACCEPTED LOGIN]   for client : jffe@000 / 127.0.0.1.
2021-07-12T15:43:18.113Z [6aae30654e213765] [ACCEPTED LOGIN]   for client : admin / 192.168.44.1.
2021-07-12T15:43:35.945Z [ac56afa49ace670 ] [ACCEPTED LOGIN]   for client : jffe@000 / 127.0.0.1.
2021-07-12T15:43:35.946Z [5599a56420a72505] [ACCEPTED LOGIN]   for client : jffe@000 / 127.0.0.1.
2021-07-12T15:43:35.954Z [6cca651401156a36] [ACCEPTED LOGIN]   for client : jffe@000 / 127.0.0.1.
2021-07-12T15:44:05.946Z [3a9abadf445af8ec] [ACCEPTED LOGIN]   for client : jffe@000 / 127.0.0.1.
2021-07-12T15:44:05.955Z [15d0aaf82fefed5d] [ACCEPTED LOGIN]   for client : jffe@000 / 127.0.0.1.
2021-07-12T15:44:05.957Z [f3bf0e511baa2fa ] [ACCEPTED LOGIN]   for client : jffe@000 / 127.0.0.1.
2021-07-12T15:44:18.115Z [24046497ab59a19c] [ACCEPTED LOGIN]   for client : admin / 192.168.44.1.
2021-07-12T15:44:35.936Z [276ee1efee342190] [ACCEPTED LOGIN]   for client : jffe@000 / 127.0.0.1.
2021-07-12T15:44:35.943Z [4f6e1e9d6d69b0a1] [ACCEPTED LOGIN]   for client : jffe@000 / 127.0.0.1.
2021-07-12T15:44:35.943Z [1ca3154ec3b0113a] [ACCEPTED LOGIN]   for client : jffe@000 / 127.0.0.1.
2021-07-12T15:45:05.971Z [7c93b520c25469b5] [ACCEPTED LOGIN]   for client : jffe@000 / 127.0.0.1.
2021-07-12T15:45:05.983Z [216e099679936af1] [ACCEPTED LOGIN]   for client : jffe@000 / 127.0.0.1.
2021-07-12T15:45:05.986Z [7b1b19f44386d72 ] [ACCEPTED LOGIN]   for client : jffe@000 / 127.0.0.1.
2021-07-12T15:45:18.220Z [486e86e268d6196 ] [ACCEPTED LOGIN]   for client : admin / 192.168.44.1.
2021-07-12T15:45:35.960Z [6a86a7b5fb372770] [ACCEPTED LOGIN]   for client : jffe@000 / 127.0.0.1.
2021-07-12T15:45:35.963Z [26b0d1b96818d184] [ACCEPTED LOGIN]   for client : jffe@000 / 127.0.0.1.
2021-07-12T15:45:35.967Z [be8acba02e510f4 ] [ACCEPTED LOGIN]   for client : jffe@000 / 127.0.0.1.
2021-07-12T15:46:05.969Z [7e9eb1537393abb1] [ACCEPTED LOGIN]   for client : jffe@000 / 127.0.0.1.
2021-07-12T15:46:05.971Z [1de26b53055e98cc] [ACCEPTED LOGIN]   for client : jffe@000 / 127.0.0.1.
2021-07-12T15:46:06.010Z [2baf5e78b783ac96] [ACCEPTED LOGIN]   for client : jffe@000 / 127.0.0.1.
2021-07-12T15:46:18.107Z [14c2a1eb766abaec] [ACCEPTED LOGIN]   for client : admin / 192.168.44.1.
2021-07-12T15:46:36.071Z [28053a1fd188391f] [ACCEPTED LOGIN]   for client : jffe@000 / 127.0.0.1.
2021-07-12T15:46:36.072Z [7c5a2ac085b1befa] [ACCEPTED LOGIN]   for client : jffe@000 / 127.0.0.1.
2021-07-12T15:46:36.072Z [14c95d5c6f7c4386] [ACCEPTED LOGIN]   for client : jffe@000 / 127.0.0.1.
2021-07-12T15:47:06.118Z [659de427ce9df554] [ACCEPTED LOGIN]   for client : jffe@000 / 127.0.0.1.
2021-07-12T15:47:06.102Z [46eb87656501421 ] [ACCEPTED LOGIN]   for client : jffe@000 / 127.0.0.1.
2021-07-12T15:47:06.133Z [337745e9d154da4d] [ACCEPTED LOGIN]   for client : jffe@000 / 127.0.0.1.
2021-07-12T15:47:18.158Z [57a29b065a55e3f2] [ACCEPTED LOGIN]   for client : admin / 192.168.44.1.
2021-07-12T15:47:36.060Z [54f25a00f5fa2496] [ACCEPTED LOGIN]   for client : jffe@000 / 127.0.0.1.
2021-07-12T15:47:36.069Z [467f8c5e91094514] [ACCEPTED LOGIN]   for client : jffe@000 / 127.0.0.1.
2021-07-12T15:47:36.072Z [2e73a1a5e4a2de19] [ACCEPTED LOGIN]   for client : jffe@000 / 127.0.0.1.
2021-07-12T15:48:06.078Z [4f7fa076f924917b] [ACCEPTED LOGIN]   for client : jffe@000 / 127.0.0.1.
2021-07-12T15:48:06.078Z [1a52850373c7d941] [ACCEPTED LOGIN]   for client : jffe@000 / 127.0.0.1.
2021-07-12T15:48:06.082Z [4d3907167de592ab] [ACCEPTED LOGIN]   for client : jffe@000 / 127.0.0.1.
2021-07-12T15:48:18.135Z [73820315290388d2] [ACCEPTED LOGIN]   for client : admin / 192.168.44.1.
2021-07-12T15:48:36.109Z [3e62ae0d74b208fa] [ACCEPTED LOGIN]   for client : jffe@000 / 127.0.0.1.
2021-07-12T15:48:36.122Z [7bbf5d111be00e03] [ACCEPTED LOGIN]   for client : jffe@000 / 127.0.0.1.
2021-07-12T15:48:36.124Z [6226820ccdec2686] [ACCEPTED LOGIN]   for client : jffe@000 / 127.0.0.1.
2021-07-12T15:49:06.113Z [67c90da2e9e55b76] [ACCEPTED LOGIN]   for client : jffe@000 / 127.0.0.1.
2021-07-12T15:49:06.120Z [3499f24a7bc8d670] [ACCEPTED LOGIN]   for client : jffe@000 / 127.0.0.1.
2021-07-12T15:49:06.124Z [2f4102af69dc868c] [ACCEPTED LOGIN]   for client : jffe@000 / 127.0.0.1.
2021-07-12T15:49:18.143Z [333468c089d71668] [ACCEPTED LOGIN]   for client : admin / 192.168.44.1.
2021-07-12T15:49:36.124Z [41c433660b9cc715] [ACCEPTED LOGIN]   for client : jffe@000 / 127.0.0.1.
2021-07-12T15:49:36.127Z [21de724b8f1f3837] [ACCEPTED LOGIN]   for client : jffe@000 / 127.0.0.1.
2021-07-12T15:49:36.129Z [53236eeb38a55723] [ACCEPTED LOGIN]   for client : jffe@000 / 127.0.0.1.
2021-07-12T15:50:06.311Z [268bb23a63c41cb8] [ACCEPTED LOGIN]   for client : jffe@000 / 127.0.0.1.
2021-07-12T15:50:06.317Z [2da2481c20663a4a] [ACCEPTED LOGIN]   for client : jffe@000 / 127.0.0.1.
2021-07-12T15:50:06.327Z [72617b4c3c6aa5eb] [ACCEPTED LOGIN]   for client : jffe@000 / 127.0.0.1.
2021-07-12T15:50:18.092Z [382109754121cef0] [ACCEPTED LOGIN]   for client : admin / 192.168.44.1.
2021-07-12T15:50:36.155Z [6f430c9f557feae0] [ACCEPTED LOGIN]   for client : jffe@000 / 127.0.0.1.
2021-07-12T15:50:36.158Z [655b1543506277ee] [ACCEPTED LOGIN]   for client : jffe@000 / 127.0.0.1.
2021-07-12T15:50:36.163Z [2c58af3ea02ea997] [ACCEPTED LOGIN]   for client : jffe@000 / 127.0.0.1.
2021-07-12T15:51:06.112Z [7395178cf637c591] [ACCEPTED LOGIN]   for client : jffe@000 / 127.0.0.1.
2021-07-12T15:51:06.117Z [4ceabe669a60cf6b] [ACCEPTED LOGIN]   for client : jffe@000 / 127.0.0.1.
2021-07-12T15:51:06.117Z [63ecc7ebed2ca783] [ACCEPTED LOGIN]   for client : jffe@000 / 127.0.0.1.
2021-07-12T15:51:18.107Z [55e0d7fd239d5027] [ACCEPTED LOGIN]   for client : admin / 192.168.44.1.
2021-07-12T15:51:36.147Z [7affe0533af88d5d] [ACCEPTED LOGIN]   for client : jffe@000 / 127.0.0.1.
2021-07-12T15:51:36.149Z [1d0c7ecc18409ae3] [ACCEPTED LOGIN]   for client : jffe@000 / 127.0.0.1.
2021-07-12T15:51:36.151Z [90b6672a0b1f46e ] [ACCEPTED LOGIN]   for client : jffe@000 / 127.0.0.1.
2021-07-12T15:52:06.157Z [41899bab2d8df716] [ACCEPTED LOGIN]   for client : jffe@000 / 127.0.0.1.
2021-07-12T15:52:06.162Z [7fd569865a5d65ed] [ACCEPTED LOGIN]   for client : jffe@000 / 127.0.0.1.
2021-07-12T15:52:06.161Z [104b43f62e54023a] [ACCEPTED LOGIN]   for client : jffe@000 / 127.0.0.1.
2021-07-12T15:52:18.085Z [858d02392f51e9c ] [ACCEPTED LOGIN]   for client : admin / 192.168.44.1.
2021-07-12T15:52:36.161Z [3badd26b1be2e64d] [ACCEPTED LOGIN]   for client : jffe@000 / 127.0.0.1.
2021-07-12T15:52:36.169Z [7cd43653a66f69b8] [ACCEPTED LOGIN]   for client : jffe@000 / 127.0.0.1.
2021-07-12T15:52:36.177Z [285584e68b1a2550] [ACCEPTED LOGIN]   for client : jffe@000 / 127.0.0.1.
2021-07-12T15:53:06.175Z [26f5eabe4873b32f] [ACCEPTED LOGIN]   for client : jffe@000 / 127.0.0.1.
2021-07-12T15:53:06.177Z [174d065fa662bc31] [ACCEPTED LOGIN]   for client : jffe@000 / 127.0.0.1.
2021-07-12T15:53:06.181Z [72b1030a9bf5ab2e] [ACCEPTED LOGIN]   for client : jffe@000 / 127.0.0.1.
2021-07-12T15:53:18.165Z [3bd5deae8b4f4718] [ACCEPTED LOGIN]   for client : admin / 192.168.44.1.
2021-07-12T15:53:36.161Z [4f51410d66cc8ccc] [ACCEPTED LOGIN]   for client : jffe@000 / 127.0.0.1.
2021-07-12T15:53:36.162Z [fb322a65c6ae717 ] [ACCEPTED LOGIN]   for client : jffe@000 / 127.0.0.1.
2021-07-12T15:53:36.171Z [4d7a67d890c27b28] [ACCEPTED LOGIN]   for client : jffe@000 / 127.0.0.1.
2021-07-12T15:54:06.178Z [1440a87b048539ea] [ACCEPTED LOGIN]   for client : jffe@000 / 127.0.0.1.
2021-07-12T15:54:06.180Z [577b94e92bbd6c9b] [ACCEPTED LOGIN]   for client : jffe@000 / 127.0.0.1.
2021-07-12T15:54:06.182Z [75c15c93ed7d69f1] [ACCEPTED LOGIN]   for client : jffe@000 / 127.0.0.1.
2021-07-12T15:54:18.146Z [20bb673bdcba80a6] [ACCEPTED LOGIN]   for client : admin / 192.168.44.1.
2021-07-12T15:54:36.185Z [216f435027ee56d1] [ACCEPTED LOGIN]   for client : jffe@000 / 127.0.0.1.
2021-07-12T15:54:36.185Z [266955b892132a2c] [ACCEPTED LOGIN]   for client : jffe@000 / 127.0.0.1.
2021-07-12T15:54:36.185Z [300533a424a317c3] [ACCEPTED LOGIN]   for client : jffe@000 / 127.0.0.1.
2021-07-12T15:55:06.634Z [b9cfc57a39f7897 ] [ACCEPTED LOGIN]   for client : jffe@000 / 127.0.0.1.
2021-07-12T15:55:06.702Z [7aa373e5f78bd3f5] [ACCEPTED LOGIN]   for client : jffe@000 / 127.0.0.1.
2021-07-12T15:55:06.732Z [1276514c6bd4ca6e] [ACCEPTED LOGIN]   for client : jffe@000 / 127.0.0.1.
2021-07-12T15:55:18.409Z [6f13138ecba01db5] [ACCEPTED LOGIN]   for client : anonymous / 192.168.44.1.
2021-07-12T15:55:18.435Z [6f13138ecba01db5] [ACCEPTED LOGIN]   for client : anonymous / 192.168.44.1.
2021-07-12T15:55:36.213Z [5ad532bd163fcdb3] [ACCEPTED LOGIN]   for client : jffe@000 / 127.0.0.1.
2021-07-12T15:55:36.214Z [7a9d423076fd4d64] [ACCEPTED LOGIN]   for client : jffe@000 / 127.0.0.1.
2021-07-12T15:55:36.221Z [f632e8cd833e780 ] [ACCEPTED LOGIN]   for client : jffe@000 / 127.0.0.1.
2021-07-12T15:56:06.196Z [25275dc7a708c6cc] [ACCEPTED LOGIN]   for client : jffe@000 / 127.0.0.1.
2021-07-12T15:56:06.198Z [330c27304e64159d] [ACCEPTED LOGIN]   for client : jffe@000 / 127.0.0.1.
2021-07-12T15:56:06.199Z [1dfe1de5e9659c20] [ACCEPTED LOGIN]   for client : jffe@000 / 127.0.0.1.
2021-07-12T15:56:36.221Z [771b3b7f6be7c2d6] [ACCEPTED LOGIN]   for client : jffe@000 / 127.0.0.1.
2021-07-12T15:56:36.224Z [61fa89828dda2cdb] [ACCEPTED LOGIN]   for client : jffe@000 / 127.0.0.1.
2021-07-12T15:56:36.227Z [e5d2f76f961970  ] [ACCEPTED LOGIN]   for client : jffe@000 / 127.0.0.1.
2021-07-12T15:57:06.198Z [7ded826281839068] [ACCEPTED LOGIN]   for client : jffe@000 / 127.0.0.1.
2021-07-12T15:57:06.201Z [5f97b17a75ca7c5 ] [ACCEPTED LOGIN]   for client : jffe@000 / 127.0.0.1.
2021-07-12T15:57:06.209Z [1ff3ce0232ccf6ba] [ACCEPTED LOGIN]   for client : jffe@000 / 127.0.0.1.
2021-07-12T15:57:36.432Z [2c2605f943a21926] [ACCEPTED LOGIN]   for client : jffe@000 / 127.0.0.1.
2021-07-12T15:57:36.450Z [7ad94c25b47def33] [ACCEPTED LOGIN]   for client : jffe@000 / 127.0.0.1.
2021-07-12T15:57:36.485Z [65c51598a178bc7e] [ACCEPTED LOGIN]   for client : jffe@000 / 127.0.0.1.
2021-07-12T15:58:06.360Z [4e2d66df86bd78d4] [ACCEPTED LOGIN]   for client : jffe@000 / 127.0.0.1.
2021-07-12T15:58:06.375Z [e33478528144ac5 ] [ACCEPTED LOGIN]   for client : jffe@000 / 127.0.0.1.
2021-07-12T15:58:06.376Z [2a05f0cc30024fe ] [ACCEPTED LOGIN]   for client : jffe@000 / 127.0.0.1.
2021-07-12T15:58:36.489Z [44d195779abd69db] [ACCEPTED LOGIN]   for client : jffe@000 / 127.0.0.1.
2021-07-12T15:58:36.502Z [2c6c111520b9ef24] [ACCEPTED LOGIN]   for client : jffe@000 / 127.0.0.1.
2021-07-12T15:58:36.517Z [a445fbbfa0faff8 ] [ACCEPTED LOGIN]   for client : jffe@000 / 127.0.0.1.
2021-07-12T15:59:06.327Z [15dff48f2535dc54] [ACCEPTED LOGIN]   for client : jffe@000 / 127.0.0.1.
2021-07-12T15:59:06.372Z [636408a4aa0b4968] [ACCEPTED LOGIN]   for client : jffe@000 / 127.0.0.1.
2021-07-12T15:59:06.388Z [57e69c151aaeeaad] [ACCEPTED LOGIN]   for client : jffe@000 / 127.0.0.1.
2021-07-12T15:59:36.217Z [41d0bf0c545c8af9] [ACCEPTED LOGIN]   for client : jffe@000 / 127.0.0.1.
2021-07-12T15:59:36.217Z [1fec6c2cb3d5391a] [ACCEPTED LOGIN]   for client : jffe@000 / 127.0.0.1.
2021-07-12T15:59:36.227Z [5827ba6eaf94b0c3] [ACCEPTED LOGIN]   for client : jffe@000 / 127.0.0.1.
2021-07-12T16:00:06.244Z [21530af0a8ba9b85] [ACCEPTED LOGIN]   for client : jffe@000 / 127.0.0.1.
2021-07-12T16:00:06.250Z [12d22aaa3df509ed] [ACCEPTED LOGIN]   for client : jffe@000 / 127.0.0.1.
2021-07-12T16:00:06.254Z [64c19be90073b109] [ACCEPTED LOGIN]   for client : jffe@000 / 127.0.0.1.
2021-07-12T16:00:36.233Z [5add243f0f834615] [ACCEPTED LOGIN]   for client : jffe@000 / 127.0.0.1.
2021-07-12T16:00:36.245Z [57a3eb8a663a6a2d] [ACCEPTED LOGIN]   for client : jffe@000 / 127.0.0.1.
2021-07-12T16:00:36.245Z [c40109f60c0eeb2 ] [ACCEPTED LOGIN]   for client : jffe@000 / 127.0.0.1.
2021-07-12T16:01:06.225Z [16e301e5824bd9fe] [ACCEPTED LOGIN]   for client : jffe@000 / 127.0.0.1.
2021-07-12T16:01:06.227Z [cbcbf17f28a4f3b ] [ACCEPTED LOGIN]   for client : jffe@000 / 127.0.0.1.
2021-07-12T16:01:06.235Z [2b60f4236e0a0ec0] [ACCEPTED LOGIN]   for client : jffe@000 / 127.0.0.1.
2021-07-12T16:01:37.005Z [5defff36c153018e] [ACCEPTED LOGIN]   for client : jffe@000 / 127.0.0.1.
2021-07-12T16:01:37.028Z [182ff508c71773e5] [ACCEPTED LOGIN]   for client : jffe@000 / 127.0.0.1.
2021-07-12T16:01:37.072Z [4994e303692c927b] [ACCEPTED LOGIN]   for client : jffe@000 / 127.0.0.1.
2021-07-12T16:02:06.733Z [70beec47be117763] [ACCEPTED LOGIN]   for client : jffe@000 / 127.0.0.1.
2021-07-12T16:02:07.042Z [17410e7a822df4b5] [ACCEPTED LOGIN]   for client : jffe@000 / 127.0.0.1.
2021-07-12T16:02:07.053Z [5053ff97b9edb3e7] [ACCEPTED LOGIN]   for client : jffe@000 / 127.0.0.1.
2021-07-12T16:02:36.721Z [120da4021d4802d4] [ACCEPTED LOGIN]   for client : jffe@000 / 127.0.0.1.
2021-07-12T16:02:36.727Z [222e4ee7b393a566] [ACCEPTED LOGIN]   for client : jffe@000 / 127.0.0.1.
2021-07-12T16:02:36.731Z [143164c0f04c7974] [ACCEPTED LOGIN]   for client : jffe@000 / 127.0.0.1.
2021-07-12T16:03:06.909Z [3240c5e0a83816e5] [ACCEPTED LOGIN]   for client : jffe@000 / 127.0.0.1.
2021-07-12T16:03:06.928Z [5c14cec2af42b25c] [ACCEPTED LOGIN]   for client : jffe@000 / 127.0.0.1.
2021-07-12T16:03:06.943Z [420cab4b4a5af11f] [ACCEPTED LOGIN]   for client : jffe@000 / 127.0.0.1.
2021-07-12T16:03:36.757Z [98ed3f6b3352a4e ] [ACCEPTED LOGIN]   for client : jffe@000 / 127.0.0.1.
2021-07-12T16:03:36.759Z [1a3fb8a6c73ddfec] [ACCEPTED LOGIN]   for client : jffe@000 / 127.0.0.1.
2021-07-12T16:03:36.770Z [540705b37e1ab806] [ACCEPTED LOGIN]   for client : jffe@000 / 127.0.0.1.
2021-07-12T16:04:06.739Z [41d68fdf495f3b60] [ACCEPTED LOGIN]   for client : jffe@000 / 127.0.0.1.
2021-07-12T16:04:06.743Z [208a3b893532af0b] [ACCEPTED LOGIN]   for client : jffe@000 / 127.0.0.1.
2021-07-12T16:04:06.746Z [13e1677fd580afdc] [ACCEPTED LOGIN]   for client : jffe@000 / 127.0.0.1.
2021-07-12T16:04:36.787Z [4da6011c07d46450] [ACCEPTED LOGIN]   for client : jffe@000 / 127.0.0.1.
2021-07-12T16:04:36.794Z [34f9727c544e30e4] [ACCEPTED LOGIN]   for client : jffe@000 / 127.0.0.1.
2021-07-12T16:04:36.817Z [62d84dd18e8e5848] [ACCEPTED LOGIN]   for client : jffe@000 / 127.0.0.1.
2021-07-12T16:05:06.767Z [1e7ce47edd7063fa] [ACCEPTED LOGIN]   for client : jffe@000 / 127.0.0.1.
2021-07-12T16:05:06.783Z [391f08a06cd91349] [ACCEPTED LOGIN]   for client : jffe@000 / 127.0.0.1.
2021-07-12T16:05:06.787Z [3d1b12931144e1f5] [ACCEPTED LOGIN]   for client : jffe@000 / 127.0.0.1.
2021-07-12T16:05:36.763Z [12326f3ba1d686e9] [ACCEPTED LOGIN]   for client : jffe@000 / 127.0.0.1.
2021-07-12T16:05:36.764Z [529f6d0ae3fcaa42] [ACCEPTED LOGIN]   for client : jffe@000 / 127.0.0.1.
2021-07-12T16:05:36.768Z [383b4cdb7715a138] [ACCEPTED LOGIN]   for client : jffe@000 / 127.0.0.1.
2021-07-12T16:06:06.758Z [7d5208385cf44df7] [ACCEPTED LOGIN]   for client : jffe@000 / 127.0.0.1.
2021-07-12T16:06:06.760Z [2fdda52309cc9f40] [ACCEPTED LOGIN]   for client : jffe@000 / 127.0.0.1.
2021-07-12T16:06:06.763Z [3020a5f354651cd5] [ACCEPTED LOGIN]   for client : jffe@000 / 127.0.0.1.
2021-07-12T16:06:36.778Z [1d770eef3aaad32c] [ACCEPTED LOGIN]   for client : jffe@000 / 127.0.0.1.
2021-07-12T16:06:36.785Z [1f6c8d75f2652308] [ACCEPTED LOGIN]   for client : jffe@000 / 127.0.0.1.
2021-07-12T16:06:36.787Z [8e9bea1cf378a02 ] [ACCEPTED LOGIN]   for client : jffe@000 / 127.0.0.1.
2021-07-12T16:07:07.135Z [1323bfa83a7af319] [ACCEPTED LOGIN]   for client : jffe@000 / 127.0.0.1.
2021-07-12T16:07:07.140Z [76242a6c256e4983] [ACCEPTED LOGIN]   for client : jffe@000 / 127.0.0.1.
2021-07-12T16:07:07.191Z [67e514e78170d750] [ACCEPTED LOGIN]   for client : jffe@000 / 127.0.0.1.
2021-07-12T16:07:36.775Z [42c0cc7a43621ee ] [ACCEPTED LOGIN]   for client : jffe@000 / 127.0.0.1.
2021-07-12T16:07:36.783Z [1cd8703b2b9e6c8b] [ACCEPTED LOGIN]   for client : jffe@000 / 127.0.0.1.
2021-07-12T16:07:36.791Z [2cdc75885676a68b] [ACCEPTED LOGIN]   for client : jffe@000 / 127.0.0.1.
2021-07-12T16:08:06.761Z [63f9bbd765ae00a0] [ACCEPTED LOGIN]   for client : jffe@000 / 127.0.0.1.
2021-07-12T16:08:06.771Z [26e85228b2fb6faf] [ACCEPTED LOGIN]   for client : jffe@000 / 127.0.0.1.
2021-07-12T16:08:06.771Z [2f33930066953bbc] [ACCEPTED LOGIN]   for client : jffe@000 / 127.0.0.1.
2021-07-12T16:08:36.780Z [de9822ee45e7dda ] [ACCEPTED LOGIN]   for client : jffe@000 / 127.0.0.1.
2021-07-12T16:08:36.791Z [4ccb5ed821c2184 ] [ACCEPTED LOGIN]   for client : jffe@000 / 127.0.0.1.
2021-07-12T16:08:36.794Z [3e80da6bd379605e] [ACCEPTED LOGIN]   for client : jffe@000 / 127.0.0.1.
2021-07-12T16:09:06.837Z [1744e3a8a5c8a53a] [ACCEPTED LOGIN]   for client : jffe@000 / 127.0.0.1.
2021-07-12T16:09:06.840Z [2ad6ec185592b8d6] [ACCEPTED LOGIN]   for client : jffe@000 / 127.0.0.1.
2021-07-12T16:09:06.843Z [6b83411cb8beeceb] [ACCEPTED LOGIN]   for client : jffe@000 / 127.0.0.1.
2021-07-12T16:09:36.847Z [3f0f3b5a140f9ff6] [ACCEPTED LOGIN]   for client : jffe@000 / 127.0.0.1.
2021-07-12T16:09:36.852Z [1dd844af6d71e397] [ACCEPTED LOGIN]   for client : jffe@000 / 127.0.0.1.
2021-07-12T16:09:36.852Z [456a1a1aa83a7cae] [ACCEPTED LOGIN]   for client : jffe@000 / 127.0.0.1.
2021-07-12T16:10:06.798Z [7e77eea8e93ba   ] [ACCEPTED LOGIN]   for client : jffe@000 / 127.0.0.1.
2021-07-12T16:10:06.799Z [44ad752e8db64ffb] [ACCEPTED LOGIN]   for client : jffe@000 / 127.0.0.1.
2021-07-12T16:10:06.807Z [3a3b7741def4a0bb] [ACCEPTED LOGIN]   for client : jffe@000 / 127.0.0.1.
2021-07-12T16:10:36.795Z [47807b91897c3ce2] [ACCEPTED LOGIN]   for client : jffe@000 / 127.0.0.1.
2021-07-12T16:10:36.795Z [273cda3fe6ffdace] [ACCEPTED LOGIN]   for client : jffe@000 / 127.0.0.1.
2021-07-12T16:10:36.800Z [346808ca9ece79c ] [ACCEPTED LOGIN]   for client : jffe@000 / 127.0.0.1.
2021-07-12T16:11:06.787Z [37e3236b1b04e290] [ACCEPTED LOGIN]   for client : jffe@000 / 127.0.0.1.
2021-07-12T16:11:06.793Z [32c34666e2eb6506] [ACCEPTED LOGIN]   for client : jffe@000 / 127.0.0.1.
2021-07-12T16:11:06.793Z [50d5dd9880641fdf] [ACCEPTED LOGIN]   for client : jffe@000 / 127.0.0.1.
2021-07-12T16:11:36.835Z [fa860442c1b1aa9 ] [ACCEPTED LOGIN]   for client : jffe@000 / 127.0.0.1.
2021-07-12T16:11:36.837Z [2c0c4ee9bb3073f6] [ACCEPTED LOGIN]   for client : jffe@000 / 127.0.0.1.
2021-07-12T16:11:36.838Z [b310f4680b3f50c ] [ACCEPTED LOGIN]   for client : jffe@000 / 127.0.0.1.
2021-07-12T16:12:06.802Z [4490ef11054f2c02] [ACCEPTED LOGIN]   for client : jffe@000 / 127.0.0.1.
2021-07-12T16:12:06.804Z [5132d2acdc17042 ] [ACCEPTED LOGIN]   for client : jffe@000 / 127.0.0.1.
2021-07-12T16:12:06.805Z [6cd1850d64c98125] [ACCEPTED LOGIN]   for client : jffe@000 / 127.0.0.1.
2021-07-12T16:12:36.811Z [ab48ce0953416eb ] [ACCEPTED LOGIN]   for client : jffe@000 / 127.0.0.1.
2021-07-12T16:12:36.813Z [dd84a6e2ed0416  ] [ACCEPTED LOGIN]   for client : jffe@000 / 127.0.0.1.
2021-07-12T16:12:36.820Z [72c066b7c03319  ] [ACCEPTED LOGIN]   for client : jffe@000 / 127.0.0.1.
2021-07-12T16:13:06.816Z [609bf2d482648919] [ACCEPTED LOGIN]   for client : jffe@000 / 127.0.0.1.
2021-07-12T16:13:06.828Z [4593934bb0765c35] [ACCEPTED LOGIN]   for client : jffe@000 / 127.0.0.1.
2021-07-12T16:13:06.830Z [50e4fa275436b63a] [ACCEPTED LOGIN]   for client : jffe@000 / 127.0.0.1.
2021-07-12T16:13:36.799Z [7228ca3c978e02c9] [ACCEPTED LOGIN]   for client : jffe@000 / 127.0.0.1.
2021-07-12T16:13:36.805Z [3598e0d0f42e88ce] [ACCEPTED LOGIN]   for client : jffe@000 / 127.0.0.1.
2021-07-12T16:13:36.811Z [44db60cf3e58b7ce] [ACCEPTED LOGIN]   for client : jffe@000 / 127.0.0.1.
2021-07-12T16:15:55.739Z [57865a17eae654b2] [ACCEPTED LOGIN]   for client : jffe@000 / 127.0.0.1.
2021-07-12T16:16:28.450Z [4b4810dc3467932 ] [ACCEPTED LOGIN]   for client : jffe@000 / 127.0.0.1.
2021-07-12T16:16:28.448Z [4f889d9b1e06b966] [ACCEPTED LOGIN]   for client : jffe@000 / 127.0.0.1.
2021-07-12T16:16:28.488Z [4f0294cc59c19ca7] [ACCEPTED LOGIN]   for client : jffe@000 / 127.0.0.1.
2021-07-12T16:16:58.189Z [711468e6ae67f141] [ACCEPTED LOGIN]   for client : jffe@000 / 127.0.0.1.
2021-07-12T16:16:58.190Z [324e49d6adcb52de] [ACCEPTED LOGIN]   for client : jffe@000 / 127.0.0.1.
2021-07-12T16:16:58.202Z [f491ba585dc7be  ] [ACCEPTED LOGIN]   for client : jffe@000 / 127.0.0.1.
2021-07-12T16:17:28.202Z [25a17f578f09b152] [ACCEPTED LOGIN]   for client : jffe@000 / 127.0.0.1.
2021-07-12T16:17:28.207Z [7019a555ae1cfbda] [ACCEPTED LOGIN]   for client : jffe@000 / 127.0.0.1.
2021-07-12T16:17:28.248Z [2776d45442b0bf08] [ACCEPTED LOGIN]   for client : jffe@000 / 127.0.0.1.
