2021-06-16T09:05:07.550Z [jfevt] [INFO ] [52c14aeb3c3b9099] [security_keys.go:149          ] [main                ] - Master key is missing. Pending for 5 seconds with 2m0s timeout [startup]
2021-06-16T09:05:12.712Z [jfevt] [INFO ] [52c14aeb3c3b9099] [security_keys.go:149          ] [main                ] - Master key is missing. Pending for 10 seconds with 2m0s timeout [startup]
2021-06-16T09:05:17.811Z [jfevt] [INFO ] [52c14aeb3c3b9099] [security_keys.go:149          ] [main                ] - Master key is missing. Pending for 15 seconds with 2m0s timeout [startup]
2021-06-16T09:05:23.431Z [jfevt] [INFO ] [52c14aeb3c3b9099] [security_keys.go:149          ] [main                ] - Master key is missing. Pending for 20 seconds with 2m0s timeout [startup]
2021-06-16T09:05:27.586Z [jfevt] [INFO ] [52c14aeb3c3b9099] [security_keys.go:149          ] [main                ] - Master key is missing. Pending for 25 seconds with 2m0s timeout [startup]
2021-06-16T09:05:32.975Z [jfevt] [INFO ] [52c14aeb3c3b9099] [security_keys.go:149          ] [main                ] - Master key is missing. Pending for 30 seconds with 2m0s timeout [startup]
2021-06-16T09:05:38.378Z [jfevt] [INFO ] [52c14aeb3c3b9099] [security_keys.go:149          ] [main                ] - Master key is missing. Pending for 35 seconds with 2m0s timeout [startup]
2021-06-16T09:05:42.807Z [jfevt] [INFO ] [52c14aeb3c3b9099] [security_keys.go:149          ] [main                ] - Master key is missing. Pending for 40 seconds with 2m0s timeout [startup]
2021-06-16T09:05:48.347Z [jfevt] [INFO ] [52c14aeb3c3b9099] [security_keys.go:163          ] [main                ] - Cluster join: Join key is missing. Pending for 45 seconds with 2m0s timeout [startup]
2021-06-16T09:05:52.547Z [jfevt] [INFO ] [52c14aeb3c3b9099] [security_keys.go:163          ] [main                ] - Cluster join: Join key is missing. Pending for 50 seconds with 2m0s timeout [startup]
2021-06-16T09:06:00.828Z [jfevt] [INFO ] [52c14aeb3c3b9099] [access_thin_client.go:103     ] [main                ] - Cluster join: Retry 5: Service registry ping failed, will retry. Error: Error while trying to connect to local router at address 'http://localhost:8046/access/api/v1/system/ping': Get "http://localhost:8046/access/api/v1/system/ping": dial tcp 127.0.0.1:8046: connect: connection refused [startup]
2021-06-16T09:06:05.889Z [jfevt] [INFO ] [52c14aeb3c3b9099] [access_thin_client.go:103     ] [main                ] - Cluster join: Retry 10: Service registry ping failed, will retry. Error: Error while trying to connect to local router at address 'http://localhost:8046/access/api/v1/system/ping': Get "http://localhost:8046/access/api/v1/system/ping": dial tcp 127.0.0.1:8046: connect: connection refused [startup]
2021-06-16T09:06:10.048Z [jfevt] [INFO ] [52c14aeb3c3b9099] [bootstrap.go:100              ] [main                ] - JFrog Event Service ID: jfevt@01f8a13cva1n5q1j55m00w13rw [startup]
2021-06-16T09:06:10.053Z [jfevt] [INFO ] [52c14aeb3c3b9099] [bootstrap.go:101              ] [main                ] - JFrog Event Node ID   : 2f8187288e76 [startup]
2021-06-16T09:06:10.055Z [jfevt] [INFO ] [52c14aeb3c3b9099] [bootstrap.go:102              ] [main                ] - JFrog Event Node IP   : 172.17.0.2 [startup]
2021-06-16T09:06:10.279Z [jfevt] [INFO ] [52c14aeb3c3b9099] [access_join.go:58             ] [main                ] - Cluster join: Successfully joined the cluster [application]
2021-06-16T09:06:10.281Z [jfevt] [INFO ] [52c14aeb3c3b9099] [access_join.go:58             ] [main                ] - Cluster join: executing Router register at: localhost:8046 for service id jfevt@01f8a13cva1n5q1j55m00w13rw [application]
2021-06-16T09:06:10.320Z [jfevt] [INFO ] [52c14aeb3c3b9099] [application.go:150            ] [main                ] - JFrog Event (jfevt) service initialization completed in 67.867 seconds. HTTP server listening on 127.0.0.1:8061. GRPC server listening on 127.0.0.1:8062 [application]
2021-06-16T09:06:10.614Z [jfevt] [WARN ] [52c14aeb3c3b9099] [proxy_synchronizer.go:21      ] [main                ] - Proxy cache is not updated because of error: failure to get the list of proxies from Artifactory (returned 404) [proxy_cache]
2021-06-16T09:06:10.616Z [jfevt] [WARN ] [52c14aeb3c3b9099] [base_url_cache.go:66          ] [main                ] - Base URL cache is not updated because of error: failed to fetch base URL from Artifactory (returned 404) [baseurl_cache]
2021-06-16T09:06:10.616Z [jfevt] [WARN ] [52c14aeb3c3b9099] [domain_client.go:57           ] [main                ] - Error occurred when refreshing domain cache all domain endpoint failed : Fetch domains from http://localhost:8046/distribution/api/v1/events/domains failed (returned 404), Fetch domains from http://localhost:8046/artifactory/api/events/domains failed (returned 404),  [domain_client]
2021-06-16T09:06:20.799Z [jfevt] [WARN ] [52c14aeb3c3b9099] [base_url_cache.go:66          ] [main                ] - Base URL cache is not updated because of error: failed to fetch base URL from Artifactory (returned 404) [baseurl_cache]
2021-06-16T09:06:20.799Z [jfevt] [WARN ] [52c14aeb3c3b9099] [proxy_synchronizer.go:21      ] [main                ] - Proxy cache is not updated because of error: failure to get the list of proxies from Artifactory (returned 404) [proxy_cache]
2021-06-16T09:06:20.823Z [jfevt] [WARN ] [52c14aeb3c3b9099] [domain_client.go:57           ] [main                ] - Error occurred when refreshing domain cache all domain endpoint failed : Fetch domains from http://localhost:8046/artifactory/api/events/domains failed (returned 404), Fetch domains from http://localhost:8046/distribution/api/v1/events/domains failed (returned 404),  [domain_client]
2021-06-16T09:06:30.648Z [jfevt] [WARN ] [52c14aeb3c3b9099] [proxy_synchronizer.go:21      ] [main                ] - Proxy cache is not updated because of error: failure to get the list of proxies from Artifactory (returned 503) [proxy_cache]
2021-06-16T09:06:30.685Z [jfevt] [WARN ] [52c14aeb3c3b9099] [base_url_cache.go:66          ] [main                ] - Base URL cache is not updated because of error: failed to fetch base URL from Artifactory (returned 503) [baseurl_cache]
2021-06-16T09:06:30.716Z [jfevt] [WARN ] [52c14aeb3c3b9099] [domain_client.go:57           ] [main                ] - Error occurred when refreshing domain cache all domain endpoint failed : Fetch domains from http://localhost:8046/distribution/api/v1/events/domains failed (returned 404), Fetch domains from http://localhost:8046/artifactory/api/events/domains failed (returned 503),  [domain_client]
2021-06-16T09:06:40.702Z [jfevt] [WARN ] [52c14aeb3c3b9099] [proxy_synchronizer.go:21      ] [main                ] - Proxy cache is not updated because of error: failure to get the list of proxies from Artifactory (returned 503) [proxy_cache]
2021-06-16T09:06:40.750Z [jfevt] [WARN ] [52c14aeb3c3b9099] [base_url_cache.go:66          ] [main                ] - Base URL cache is not updated because of error: failed to fetch base URL from Artifactory (returned 503) [baseurl_cache]
2021-06-16T09:06:40.762Z [jfevt] [WARN ] [52c14aeb3c3b9099] [domain_client.go:57           ] [main                ] - Error occurred when refreshing domain cache all domain endpoint failed : Fetch domains from http://localhost:8046/artifactory/api/events/domains failed (returned 503), Fetch domains from http://localhost:8046/distribution/api/v1/events/domains failed (returned 404),  [domain_client]
2021-06-17T09:27:01.958Z [jfevt] [ERROR] [52c14aeb3c3b9099] [access_join.go:82             ] [main                ] - Refreshing permissions cache invalidation gRPC stream - got an error (status code: 13) - resubscribe expected [access_client]
2021-06-17T09:27:01.958Z [jfevt] [ERROR] [52c14aeb3c3b9099] [access_join.go:82             ] [main                ] - Refreshing platform config change events gRPC stream - got an error (status code: 13) - resubscribe expected [access_client]
2021-06-17T17:37:06.491Z [jfevt] [ERROR] [52c14aeb3c3b9099] [access_join.go:82             ] [main                ] - Refreshing permissions cache invalidation gRPC stream - got an error (status code: 13) - resubscribe expected [access_client]
2021-06-18T15:14:52.766Z [jfevt] [ERROR] [52c14aeb3c3b9099] [access_join.go:82             ] [main                ] - Refreshing permissions cache invalidation gRPC stream - got an error (status code: 13) - resubscribe expected [access_client]
