2021-06-16T09:06:07.005Z [jfrou] [INFO ] [                ] [server.go:577                 ] [main                ] - Preparing server external &{Address::8082 TLS:<nil> Redirect:<nil> Auth:<nil> WhitelistSourceRange:[] WhiteList:<nil> Compress:false ProxyProtocol:<nil> ForwardedHeaders:0xc0005ad440} with readTimeout=0s writeTimeout=0s idleTimeout=3m0s
2021-06-16T09:06:07.005Z [jfrou] [INFO ] [                ] [server.go:577                 ] [main                ] - Preparing server internal &{Address:localhost:8046 TLS:<nil> Redirect:<nil> Auth:<nil> WhitelistSourceRange:[] WhiteList:<nil> Compress:false ProxyProtocol:<nil> ForwardedHeaders:0xc0005ad400} with readTimeout=0s writeTimeout=0s idleTimeout=3m0s
2021-06-16T09:06:07.005Z [jfrou] [INFO ] [                ] [server.go:533                 ] [main                ] - Starting server on :8082
2021-06-16T09:06:07.017Z [jfrou] [INFO ] [                ] [server.go:533                 ] [main                ] - Starting server on localhost:8046
2021-06-16T09:06:07.018Z [jfrou] [INFO ] [                ] [server.go:577                 ] [main                ] - Preparing server api &{Address:localhost:8049 TLS:<nil> Redirect:<nil> Auth:<nil> WhitelistSourceRange:[] WhiteList:<nil> Compress:false ProxyProtocol:<nil> ForwardedHeaders:0xc0005ad420} with readTimeout=0s writeTimeout=0s idleTimeout=3m0s
2021-06-16T09:06:07.036Z [jfrou] [INFO ] [                ] [server.go:533                 ] [main                ] - Starting server on localhost:8049
2021-06-16T09:06:07.036Z [jfrou] [INFO ] [                ] [server.go:423                 ] [main                ] - Starting provider configuration.ProviderAggregator {}
2021-06-16T09:06:07.042Z [jfrou] [INFO ] [                ] [provider_aggregator.go:103    ] [main                ] - Starting provider *file.Provider {"Watch":true,"Filename":"","Constraints":null,"Trace":false,"TemplateVersion":0,"DebugLogGeneratedTemplate":false,"Directory":"/opt/jfrog/artifactory/var/data/router/traefik/routes","TraefikFile":""}
2021-06-16T09:06:07.054Z [jfrou] [INFO ] [                ] [server_configuration.go:61    ] [main                ] - Server configuration reloaded on :8082
2021-06-16T09:06:07.054Z [jfrou] [INFO ] [                ] [server_configuration.go:61    ] [main                ] - Server configuration reloaded on localhost:8046
2021-06-16T09:06:07.054Z [jfrou] [INFO ] [                ] [server_configuration.go:61    ] [main                ] - Server configuration reloaded on localhost:8049
2021-06-16T09:06:07.402Z [jfrou] [INFO ] [                ] [server_configuration.go:465   ] [main                ] - Skipping same configuration for provider file
2021-06-16T09:06:09.063Z [jfrou] [INFO ] [                ] [server_configuration.go:61    ] [main                ] - Server configuration reloaded on localhost:8046
2021-06-16T09:06:09.063Z [jfrou] [INFO ] [                ] [server_configuration.go:61    ] [main                ] - Server configuration reloaded on localhost:8049
2021-06-16T09:06:09.064Z [jfrou] [INFO ] [                ] [server_configuration.go:61    ] [main                ] - Server configuration reloaded on :8082
2021-06-16T09:06:11.105Z [jfrou] [INFO ] [                ] [server_configuration.go:61    ] [main                ] - Server configuration reloaded on :8082
2021-06-16T09:06:11.106Z [jfrou] [INFO ] [                ] [server_configuration.go:61    ] [main                ] - Server configuration reloaded on localhost:8046
2021-06-16T09:06:11.108Z [jfrou] [INFO ] [                ] [server_configuration.go:61    ] [main                ] - Server configuration reloaded on localhost:8049
2021-06-16T09:06:29.621Z [jfrou] [INFO ] [                ] [server_configuration.go:61    ] [main                ] - Server configuration reloaded on :8082
2021-06-16T09:06:29.621Z [jfrou] [INFO ] [                ] [server_configuration.go:61    ] [main                ] - Server configuration reloaded on localhost:8046
2021-06-16T09:06:29.621Z [jfrou] [INFO ] [                ] [server_configuration.go:61    ] [main                ] - Server configuration reloaded on localhost:8049
2021-06-16T09:06:49.535Z [jfrou] [INFO ] [                ] [server_configuration.go:61    ] [main                ] - Server configuration reloaded on localhost:8046
2021-06-16T09:06:49.535Z [jfrou] [INFO ] [                ] [server_configuration.go:61    ] [main                ] - Server configuration reloaded on localhost:8049
2021-06-16T09:06:49.535Z [jfrou] [INFO ] [                ] [server_configuration.go:61    ] [main                ] - Server configuration reloaded on :8082
2021-06-16T09:06:57.515Z [jfrou] [INFO ] [                ] [server_configuration.go:61    ] [main                ] - Server configuration reloaded on localhost:8049
2021-06-16T09:06:57.515Z [jfrou] [INFO ] [                ] [server_configuration.go:61    ] [main                ] - Server configuration reloaded on :8082
2021-06-16T09:06:57.515Z [jfrou] [INFO ] [                ] [server_configuration.go:61    ] [main                ] - Server configuration reloaded on localhost:8046
2021-06-16T09:06:59.519Z [jfrou] [INFO ] [                ] [server_configuration.go:61    ] [main                ] - Server configuration reloaded on localhost:8046
2021-06-16T09:06:59.520Z [jfrou] [INFO ] [                ] [server_configuration.go:61    ] [main                ] - Server configuration reloaded on localhost:8049
2021-06-16T09:06:59.520Z [jfrou] [INFO ] [                ] [server_configuration.go:61    ] [main                ] - Server configuration reloaded on :8082
2021-06-17T07:15:00.395Z [jfrou] [INFO ] [                ] [server_configuration.go:61    ] [main                ] - Server configuration reloaded on localhost:8049
2021-06-17T07:15:00.396Z [jfrou] [INFO ] [                ] [server_configuration.go:61    ] [main                ] - Server configuration reloaded on :8082
2021-06-17T07:15:00.397Z [jfrou] [INFO ] [                ] [server_configuration.go:61    ] [main                ] - Server configuration reloaded on localhost:8046
2021-06-17T07:15:03.498Z [jfrou] [INFO ] [                ] [server_configuration.go:61    ] [main                ] - Server configuration reloaded on localhost:8046
2021-06-17T07:15:03.616Z [jfrou] [INFO ] [                ] [server_configuration.go:61    ] [main                ] - Server configuration reloaded on localhost:8049
2021-06-17T07:15:03.617Z [jfrou] [INFO ] [                ] [server_configuration.go:61    ] [main                ] - Server configuration reloaded on :8082
2021-06-18T07:02:16.307Z [jfrou] [INFO ] [                ] [server_configuration.go:61    ] [main                ] - Server configuration reloaded on localhost:8046
2021-06-18T07:02:16.308Z [jfrou] [INFO ] [                ] [server_configuration.go:61    ] [main                ] - Server configuration reloaded on localhost:8049
2021-06-18T07:02:16.308Z [jfrou] [INFO ] [                ] [server_configuration.go:61    ] [main                ] - Server configuration reloaded on :8082
2021-06-18T07:02:22.833Z [jfrou] [INFO ] [                ] [server_configuration.go:61    ] [main                ] - Server configuration reloaded on :8082
2021-06-18T07:02:22.833Z [jfrou] [INFO ] [                ] [server_configuration.go:61    ] [main                ] - Server configuration reloaded on localhost:8046
2021-06-18T07:02:22.833Z [jfrou] [INFO ] [                ] [server_configuration.go:61    ] [main                ] - Server configuration reloaded on localhost:8049
2021-06-18T17:59:12.409Z [jfrou] [INFO ] [                ] [server.go:577                 ] [main                ] - Preparing server api &{Address:localhost:8049 TLS:<nil> Redirect:<nil> Auth:<nil> WhitelistSourceRange:[] WhiteList:<nil> Compress:false ProxyProtocol:<nil> ForwardedHeaders:0xc0004aa3a0} with readTimeout=0s writeTimeout=0s idleTimeout=3m0s
2021-06-18T17:59:12.412Z [jfrou] [INFO ] [                ] [server.go:577                 ] [main                ] - Preparing server external &{Address::8082 TLS:<nil> Redirect:<nil> Auth:<nil> WhitelistSourceRange:[] WhiteList:<nil> Compress:false ProxyProtocol:<nil> ForwardedHeaders:0xc0004aa340} with readTimeout=0s writeTimeout=0s idleTimeout=3m0s
2021-06-18T17:59:12.413Z [jfrou] [INFO ] [                ] [server.go:533                 ] [main                ] - Starting server on localhost:8049
2021-06-18T17:59:12.413Z [jfrou] [INFO ] [                ] [server.go:577                 ] [main                ] - Preparing server internal &{Address:localhost:8046 TLS:<nil> Redirect:<nil> Auth:<nil> WhitelistSourceRange:[] WhiteList:<nil> Compress:false ProxyProtocol:<nil> ForwardedHeaders:0xc0004aa380} with readTimeout=0s writeTimeout=0s idleTimeout=3m0s
2021-06-18T17:59:12.414Z [jfrou] [INFO ] [                ] [server.go:423                 ] [main                ] - Starting provider configuration.ProviderAggregator {}
2021-06-18T17:59:12.414Z [jfrou] [INFO ] [                ] [provider_aggregator.go:103    ] [main                ] - Starting provider *file.Provider {"Watch":true,"Filename":"","Constraints":null,"Trace":false,"TemplateVersion":0,"DebugLogGeneratedTemplate":false,"Directory":"/opt/jfrog/artifactory/var/data/router/traefik/routes","TraefikFile":""}
2021-06-18T17:59:12.415Z [jfrou] [INFO ] [                ] [server.go:533                 ] [main                ] - Starting server on localhost:8046
2021-06-18T17:59:12.413Z [jfrou] [INFO ] [                ] [server.go:533                 ] [main                ] - Starting server on :8082
2021-06-18T17:59:12.433Z [jfrou] [INFO ] [                ] [server_configuration.go:61    ] [main                ] - Server configuration reloaded on :8082
2021-06-18T17:59:12.433Z [jfrou] [INFO ] [                ] [server_configuration.go:61    ] [main                ] - Server configuration reloaded on localhost:8046
2021-06-18T17:59:12.434Z [jfrou] [INFO ] [                ] [server_configuration.go:61    ] [main                ] - Server configuration reloaded on localhost:8049
2021-06-18T17:59:12.572Z [jfrou] [INFO ] [                ] [server_configuration.go:465   ] [main                ] - Skipping same configuration for provider file
2021-06-18T17:59:14.439Z [jfrou] [INFO ] [                ] [server_configuration.go:61    ] [main                ] - Server configuration reloaded on :8082
2021-06-18T17:59:14.440Z [jfrou] [INFO ] [                ] [server_configuration.go:61    ] [main                ] - Server configuration reloaded on localhost:8046
2021-06-18T17:59:14.440Z [jfrou] [INFO ] [                ] [server_configuration.go:61    ] [main                ] - Server configuration reloaded on localhost:8049
2021-06-18T17:59:22.224Z [jfrou] [INFO ] [                ] [server_configuration.go:61    ] [main                ] - Server configuration reloaded on :8082
2021-06-18T17:59:22.229Z [jfrou] [INFO ] [                ] [server_configuration.go:61    ] [main                ] - Server configuration reloaded on localhost:8046
2021-06-18T17:59:22.229Z [jfrou] [INFO ] [                ] [server_configuration.go:61    ] [main                ] - Server configuration reloaded on localhost:8049
2021-06-18T17:59:24.246Z [jfrou] [INFO ] [                ] [server_configuration.go:61    ] [main                ] - Server configuration reloaded on :8082
2021-06-18T17:59:24.257Z [jfrou] [INFO ] [                ] [server_configuration.go:61    ] [main                ] - Server configuration reloaded on localhost:8046
2021-06-18T17:59:24.258Z [jfrou] [INFO ] [                ] [server_configuration.go:61    ] [main                ] - Server configuration reloaded on localhost:8049
2021-06-18T17:59:27.052Z [jfrou] [INFO ] [                ] [server_configuration.go:61    ] [main                ] - Server configuration reloaded on :8082
2021-06-18T17:59:27.053Z [jfrou] [INFO ] [                ] [server_configuration.go:61    ] [main                ] - Server configuration reloaded on localhost:8046
2021-06-18T17:59:27.053Z [jfrou] [INFO ] [                ] [server_configuration.go:61    ] [main                ] - Server configuration reloaded on localhost:8049
2021-06-18T17:59:48.681Z [jfrou] [INFO ] [                ] [server_configuration.go:61    ] [main                ] - Server configuration reloaded on localhost:8049
2021-06-18T17:59:48.684Z [jfrou] [INFO ] [                ] [server_configuration.go:61    ] [main                ] - Server configuration reloaded on :8082
2021-06-18T17:59:48.685Z [jfrou] [INFO ] [                ] [server_configuration.go:61    ] [main                ] - Server configuration reloaded on localhost:8046
2021-06-18T17:59:52.868Z [jfrou] [INFO ] [                ] [server_configuration.go:61    ] [main                ] - Server configuration reloaded on :8082
2021-06-18T17:59:52.869Z [jfrou] [INFO ] [                ] [server_configuration.go:61    ] [main                ] - Server configuration reloaded on localhost:8046
2021-06-18T17:59:52.869Z [jfrou] [INFO ] [                ] [server_configuration.go:61    ] [main                ] - Server configuration reloaded on localhost:8049
2021-06-18T17:59:55.218Z [jfrou] [INFO ] [                ] [server_configuration.go:61    ] [main                ] - Server configuration reloaded on :8082
2021-06-18T17:59:55.219Z [jfrou] [INFO ] [                ] [server_configuration.go:61    ] [main                ] - Server configuration reloaded on localhost:8046
2021-06-18T17:59:55.219Z [jfrou] [INFO ] [                ] [server_configuration.go:61    ] [main                ] - Server configuration reloaded on localhost:8049
2021-06-21T07:03:17.894Z [jfrou] [INFO ] [                ] [server_configuration.go:61    ] [main                ] - Server configuration reloaded on :8082
2021-06-21T07:03:17.895Z [jfrou] [INFO ] [                ] [server_configuration.go:61    ] [main                ] - Server configuration reloaded on localhost:8046
2021-06-21T07:03:17.895Z [jfrou] [INFO ] [                ] [server_configuration.go:61    ] [main                ] - Server configuration reloaded on localhost:8049
2021-06-21T07:03:21.699Z [jfrou] [INFO ] [                ] [server_configuration.go:61    ] [main                ] - Server configuration reloaded on :8082
2021-06-21T07:03:21.699Z [jfrou] [INFO ] [                ] [server_configuration.go:61    ] [main                ] - Server configuration reloaded on localhost:8046
2021-06-21T07:03:21.699Z [jfrou] [INFO ] [                ] [server_configuration.go:61    ] [main                ] - Server configuration reloaded on localhost:8049
2021-06-21T07:37:52.165Z [jfrou] [INFO ] [                ] [server_configuration.go:61    ] [main                ] - Server configuration reloaded on localhost:8049
2021-06-21T07:37:52.166Z [jfrou] [INFO ] [                ] [server_configuration.go:61    ] [main                ] - Server configuration reloaded on :8082
2021-06-21T07:37:52.169Z [jfrou] [INFO ] [                ] [server_configuration.go:61    ] [main                ] - Server configuration reloaded on localhost:8046
2021-06-21T11:32:38.718Z [jfrou] [INFO ] [                ] [server.go:577                 ] [main                ] - Preparing server internal &{Address:localhost:8046 TLS:<nil> Redirect:<nil> Auth:<nil> WhitelistSourceRange:[] WhiteList:<nil> Compress:false ProxyProtocol:<nil> ForwardedHeaders:0xc000930d20} with readTimeout=0s writeTimeout=0s idleTimeout=3m0s
2021-06-21T11:32:38.719Z [jfrou] [INFO ] [                ] [server.go:577                 ] [main                ] - Preparing server api &{Address:localhost:8049 TLS:<nil> Redirect:<nil> Auth:<nil> WhitelistSourceRange:[] WhiteList:<nil> Compress:false ProxyProtocol:<nil> ForwardedHeaders:0xc000930d40} with readTimeout=0s writeTimeout=0s idleTimeout=3m0s
2021-06-21T11:32:38.723Z [jfrou] [INFO ] [                ] [server.go:533                 ] [main                ] - Starting server on localhost:8046
2021-06-21T11:32:38.731Z [jfrou] [INFO ] [                ] [server.go:577                 ] [main                ] - Preparing server external &{Address::8082 TLS:<nil> Redirect:<nil> Auth:<nil> WhitelistSourceRange:[] WhiteList:<nil> Compress:false ProxyProtocol:<nil> ForwardedHeaders:0xc000930d00} with readTimeout=0s writeTimeout=0s idleTimeout=3m0s
2021-06-21T11:32:38.736Z [jfrou] [INFO ] [                ] [server.go:423                 ] [main                ] - Starting provider configuration.ProviderAggregator {}
2021-06-21T11:32:38.736Z [jfrou] [INFO ] [                ] [server.go:533                 ] [main                ] - Starting server on localhost:8049
2021-06-21T11:32:38.736Z [jfrou] [INFO ] [                ] [server.go:533                 ] [main                ] - Starting server on :8082
2021-06-21T11:32:38.737Z [jfrou] [INFO ] [                ] [provider_aggregator.go:103    ] [main                ] - Starting provider *file.Provider {"Watch":true,"Filename":"","Constraints":null,"Trace":false,"TemplateVersion":0,"DebugLogGeneratedTemplate":false,"Directory":"/opt/jfrog/artifactory/var/data/router/traefik/routes","TraefikFile":""}
2021-06-21T11:32:38.745Z [jfrou] [INFO ] [                ] [server_configuration.go:61    ] [main                ] - Server configuration reloaded on localhost:8046
2021-06-21T11:32:38.745Z [jfrou] [INFO ] [                ] [server_configuration.go:61    ] [main                ] - Server configuration reloaded on localhost:8049
2021-06-21T11:32:38.745Z [jfrou] [INFO ] [                ] [server_configuration.go:61    ] [main                ] - Server configuration reloaded on :8082
2021-06-21T11:32:39.027Z [jfrou] [INFO ] [                ] [server_configuration.go:465   ] [main                ] - Skipping same configuration for provider file
2021-06-21T11:37:57.616Z [jfrou] [INFO ] [                ] [server.go:577                 ] [main                ] - Preparing server internal &{Address:localhost:8046 TLS:<nil> Redirect:<nil> Auth:<nil> WhitelistSourceRange:[] WhiteList:<nil> Compress:false ProxyProtocol:<nil> ForwardedHeaders:0xc000928f00} with readTimeout=0s writeTimeout=0s idleTimeout=3m0s
2021-06-21T11:37:57.620Z [jfrou] [INFO ] [                ] [server.go:577                 ] [main                ] - Preparing server api &{Address:localhost:8049 TLS:<nil> Redirect:<nil> Auth:<nil> WhitelistSourceRange:[] WhiteList:<nil> Compress:false ProxyProtocol:<nil> ForwardedHeaders:0xc000928f20} with readTimeout=0s writeTimeout=0s idleTimeout=3m0s
2021-06-21T11:37:57.627Z [jfrou] [INFO ] [                ] [server.go:577                 ] [main                ] - Preparing server external &{Address::8082 TLS:<nil> Redirect:<nil> Auth:<nil> WhitelistSourceRange:[] WhiteList:<nil> Compress:false ProxyProtocol:<nil> ForwardedHeaders:0xc000928f40} with readTimeout=0s writeTimeout=0s idleTimeout=3m0s
2021-06-21T11:37:57.638Z [jfrou] [INFO ] [                ] [server.go:423                 ] [main                ] - Starting provider configuration.ProviderAggregator {}
2021-06-21T11:37:57.638Z [jfrou] [INFO ] [                ] [server.go:533                 ] [main                ] - Starting server on :8082
2021-06-21T11:37:57.627Z [jfrou] [INFO ] [                ] [server.go:533                 ] [main                ] - Starting server on localhost:8049
2021-06-21T11:37:57.620Z [jfrou] [INFO ] [                ] [server.go:533                 ] [main                ] - Starting server on localhost:8046
2021-06-21T11:37:57.641Z [jfrou] [INFO ] [                ] [provider_aggregator.go:103    ] [main                ] - Starting provider *file.Provider {"Watch":true,"Filename":"","Constraints":null,"Trace":false,"TemplateVersion":0,"DebugLogGeneratedTemplate":false,"Directory":"/opt/jfrog/artifactory/var/data/router/traefik/routes","TraefikFile":""}
2021-06-21T11:37:57.657Z [jfrou] [INFO ] [                ] [server_configuration.go:61    ] [main                ] - Server configuration reloaded on :8082
2021-06-21T11:37:57.658Z [jfrou] [INFO ] [                ] [server_configuration.go:61    ] [main                ] - Server configuration reloaded on localhost:8046
2021-06-21T11:37:57.660Z [jfrou] [INFO ] [                ] [server_configuration.go:61    ] [main                ] - Server configuration reloaded on localhost:8049
2021-06-21T11:37:57.928Z [jfrou] [INFO ] [                ] [server_configuration.go:465   ] [main                ] - Skipping same configuration for provider file
2021-06-21T11:37:59.655Z [jfrou] [INFO ] [                ] [server_configuration.go:61    ] [main                ] - Server configuration reloaded on :8082
2021-06-21T11:37:59.656Z [jfrou] [INFO ] [                ] [server_configuration.go:61    ] [main                ] - Server configuration reloaded on localhost:8046
2021-06-21T11:37:59.656Z [jfrou] [INFO ] [                ] [server_configuration.go:61    ] [main                ] - Server configuration reloaded on localhost:8049
2021-06-21T11:38:05.171Z [jfrou] [INFO ] [                ] [server_configuration.go:61    ] [main                ] - Server configuration reloaded on localhost:8049
2021-06-21T11:38:05.172Z [jfrou] [INFO ] [                ] [server_configuration.go:61    ] [main                ] - Server configuration reloaded on :8082
2021-06-21T11:38:05.172Z [jfrou] [INFO ] [                ] [server_configuration.go:61    ] [main                ] - Server configuration reloaded on localhost:8046
2021-06-21T11:38:07.179Z [jfrou] [INFO ] [                ] [server_configuration.go:61    ] [main                ] - Server configuration reloaded on localhost:8046
2021-06-21T11:38:07.181Z [jfrou] [INFO ] [                ] [server_configuration.go:61    ] [main                ] - Server configuration reloaded on localhost:8049
2021-06-21T11:38:07.182Z [jfrou] [INFO ] [                ] [server_configuration.go:61    ] [main                ] - Server configuration reloaded on :8082
2021-06-21T11:38:09.177Z [jfrou] [INFO ] [                ] [server_configuration.go:61    ] [main                ] - Server configuration reloaded on localhost:8046
2021-06-21T11:38:09.179Z [jfrou] [INFO ] [                ] [server_configuration.go:61    ] [main                ] - Server configuration reloaded on localhost:8049
2021-06-21T11:38:09.179Z [jfrou] [INFO ] [                ] [server_configuration.go:61    ] [main                ] - Server configuration reloaded on :8082
2021-06-21T11:38:26.490Z [jfrou] [INFO ] [                ] [server_configuration.go:61    ] [main                ] - Server configuration reloaded on localhost:8046
2021-06-21T11:38:26.490Z [jfrou] [INFO ] [                ] [server_configuration.go:61    ] [main                ] - Server configuration reloaded on localhost:8049
2021-06-21T11:38:26.490Z [jfrou] [INFO ] [                ] [server_configuration.go:61    ] [main                ] - Server configuration reloaded on :8082
2021-06-21T11:38:37.753Z [jfrou] [INFO ] [                ] [server_configuration.go:61    ] [main                ] - Server configuration reloaded on localhost:8046
2021-06-21T11:38:37.754Z [jfrou] [INFO ] [                ] [server_configuration.go:61    ] [main                ] - Server configuration reloaded on localhost:8049
2021-06-21T11:38:37.754Z [jfrou] [INFO ] [                ] [server_configuration.go:61    ] [main                ] - Server configuration reloaded on :8082
2021-06-21T11:38:40.731Z [jfrou] [INFO ] [                ] [server_configuration.go:61    ] [main                ] - Server configuration reloaded on localhost:8046
2021-06-21T11:38:40.731Z [jfrou] [INFO ] [                ] [server_configuration.go:61    ] [main                ] - Server configuration reloaded on localhost:8049
2021-06-21T11:38:40.732Z [jfrou] [INFO ] [                ] [server_configuration.go:61    ] [main                ] - Server configuration reloaded on :8082
2021-06-21T11:46:05.913Z [jfrou] [INFO ] [                ] [server_configuration.go:61    ] [main                ] - Server configuration reloaded on localhost:8046
2021-06-21T11:46:05.921Z [jfrou] [INFO ] [                ] [server_configuration.go:61    ] [main                ] - Server configuration reloaded on localhost:8049
2021-06-21T11:46:05.921Z [jfrou] [INFO ] [                ] [server_configuration.go:61    ] [main                ] - Server configuration reloaded on :8082
2021-06-21T16:04:04.552Z [jfrou] [INFO ] [                ] [server.go:577                 ] [main                ] - Preparing server internal &{Address:localhost:8046 TLS:<nil> Redirect:<nil> Auth:<nil> WhitelistSourceRange:[] WhiteList:<nil> Compress:false ProxyProtocol:<nil> ForwardedHeaders:0xc0009961e0} with readTimeout=0s writeTimeout=0s idleTimeout=3m0s
2021-06-21T16:04:04.561Z [jfrou] [INFO ] [                ] [server.go:577                 ] [main                ] - Preparing server api &{Address:localhost:8049 TLS:<nil> Redirect:<nil> Auth:<nil> WhitelistSourceRange:[] WhiteList:<nil> Compress:false ProxyProtocol:<nil> ForwardedHeaders:0xc0009961a0} with readTimeout=0s writeTimeout=0s idleTimeout=3m0s
2021-06-21T16:04:04.566Z [jfrou] [INFO ] [                ] [server.go:577                 ] [main                ] - Preparing server external &{Address::8082 TLS:<nil> Redirect:<nil> Auth:<nil> WhitelistSourceRange:[] WhiteList:<nil> Compress:false ProxyProtocol:<nil> ForwardedHeaders:0xc0009961c0} with readTimeout=0s writeTimeout=0s idleTimeout=3m0s
2021-06-21T16:04:04.569Z [jfrou] [INFO ] [                ] [server.go:533                 ] [main                ] - Starting server on localhost:8046
2021-06-21T16:04:04.570Z [jfrou] [INFO ] [                ] [server.go:533                 ] [main                ] - Starting server on :8082
2021-06-21T16:04:04.571Z [jfrou] [INFO ] [                ] [server.go:533                 ] [main                ] - Starting server on localhost:8049
2021-06-21T16:04:04.573Z [jfrou] [INFO ] [                ] [server.go:423                 ] [main                ] - Starting provider configuration.ProviderAggregator {}
2021-06-21T16:04:04.579Z [jfrou] [INFO ] [                ] [provider_aggregator.go:103    ] [main                ] - Starting provider *file.Provider {"Watch":true,"Filename":"","Constraints":null,"Trace":false,"TemplateVersion":0,"DebugLogGeneratedTemplate":false,"Directory":"/opt/jfrog/artifactory/var/data/router/traefik/routes","TraefikFile":""}
2021-06-21T16:04:04.591Z [jfrou] [INFO ] [                ] [server_configuration.go:61    ] [main                ] - Server configuration reloaded on localhost:8049
2021-06-21T16:04:04.592Z [jfrou] [INFO ] [                ] [server_configuration.go:61    ] [main                ] - Server configuration reloaded on :8082
2021-06-21T16:04:04.595Z [jfrou] [INFO ] [                ] [server_configuration.go:61    ] [main                ] - Server configuration reloaded on localhost:8046
2021-06-21T16:04:04.779Z [jfrou] [INFO ] [                ] [server_configuration.go:465   ] [main                ] - Skipping same configuration for provider file
2021-06-21T16:04:06.588Z [jfrou] [INFO ] [                ] [server_configuration.go:61    ] [main                ] - Server configuration reloaded on localhost:8046
2021-06-21T16:04:06.588Z [jfrou] [INFO ] [                ] [server_configuration.go:61    ] [main                ] - Server configuration reloaded on localhost:8049
2021-06-21T16:04:06.588Z [jfrou] [INFO ] [                ] [server_configuration.go:61    ] [main                ] - Server configuration reloaded on :8082
2021-06-21T16:04:10.368Z [jfrou] [INFO ] [                ] [server_configuration.go:61    ] [main                ] - Server configuration reloaded on localhost:8049
2021-06-21T16:04:10.368Z [jfrou] [INFO ] [                ] [server_configuration.go:61    ] [main                ] - Server configuration reloaded on :8082
2021-06-21T16:04:10.368Z [jfrou] [INFO ] [                ] [server_configuration.go:61    ] [main                ] - Server configuration reloaded on localhost:8046
2021-06-21T16:04:12.383Z [jfrou] [INFO ] [                ] [server_configuration.go:61    ] [main                ] - Server configuration reloaded on localhost:8049
2021-06-21T16:04:12.384Z [jfrou] [INFO ] [                ] [server_configuration.go:61    ] [main                ] - Server configuration reloaded on :8082
2021-06-21T16:04:12.384Z [jfrou] [INFO ] [                ] [server_configuration.go:61    ] [main                ] - Server configuration reloaded on localhost:8046
2021-06-21T16:04:16.402Z [jfrou] [INFO ] [                ] [server_configuration.go:61    ] [main                ] - Server configuration reloaded on localhost:8049
2021-06-21T16:04:16.402Z [jfrou] [INFO ] [                ] [server_configuration.go:61    ] [main                ] - Server configuration reloaded on :8082
2021-06-21T16:04:16.403Z [jfrou] [INFO ] [                ] [server_configuration.go:61    ] [main                ] - Server configuration reloaded on localhost:8046
2021-06-21T16:04:49.662Z [jfrou] [INFO ] [                ] [server_configuration.go:61    ] [main                ] - Server configuration reloaded on localhost:8049
2021-06-21T16:04:49.664Z [jfrou] [INFO ] [                ] [server_configuration.go:61    ] [main                ] - Server configuration reloaded on :8082
2021-06-21T16:04:49.664Z [jfrou] [INFO ] [                ] [server_configuration.go:61    ] [main                ] - Server configuration reloaded on localhost:8046
2021-06-21T16:04:59.928Z [jfrou] [INFO ] [                ] [server_configuration.go:61    ] [main                ] - Server configuration reloaded on localhost:8049
2021-06-21T16:04:59.932Z [jfrou] [INFO ] [                ] [server_configuration.go:61    ] [main                ] - Server configuration reloaded on :8082
2021-06-21T16:04:59.934Z [jfrou] [INFO ] [                ] [server_configuration.go:61    ] [main                ] - Server configuration reloaded on localhost:8046
2021-06-21T16:05:01.967Z [jfrou] [INFO ] [                ] [server_configuration.go:61    ] [main                ] - Server configuration reloaded on localhost:8049
2021-06-21T16:05:01.967Z [jfrou] [INFO ] [                ] [server_configuration.go:61    ] [main                ] - Server configuration reloaded on :8082
2021-06-21T16:05:01.968Z [jfrou] [INFO ] [                ] [server_configuration.go:61    ] [main                ] - Server configuration reloaded on localhost:8046
2021-06-22T06:57:53.781Z [jfrou] [INFO ] [                ] [server_configuration.go:61    ] [main                ] - Server configuration reloaded on localhost:8046
2021-06-22T06:57:53.901Z [jfrou] [INFO ] [                ] [server_configuration.go:61    ] [main                ] - Server configuration reloaded on localhost:8049
2021-06-22T06:57:53.902Z [jfrou] [INFO ] [                ] [server_configuration.go:61    ] [main                ] - Server configuration reloaded on :8082
2021-06-22T06:57:55.636Z [jfrou] [INFO ] [                ] [server_configuration.go:61    ] [main                ] - Server configuration reloaded on localhost:8049
2021-06-22T06:57:55.639Z [jfrou] [INFO ] [                ] [server_configuration.go:61    ] [main                ] - Server configuration reloaded on :8082
2021-06-22T06:57:55.639Z [jfrou] [INFO ] [                ] [server_configuration.go:61    ] [main                ] - Server configuration reloaded on localhost:8046
2021-06-23T06:45:23.965Z [jfrou] [INFO ] [                ] [server_configuration.go:61    ] [main                ] - Server configuration reloaded on :8082
2021-06-23T06:45:23.966Z [jfrou] [INFO ] [                ] [server_configuration.go:61    ] [main                ] - Server configuration reloaded on localhost:8046
2021-06-23T06:45:23.966Z [jfrou] [INFO ] [                ] [server_configuration.go:61    ] [main                ] - Server configuration reloaded on localhost:8049
2021-06-23T06:45:27.084Z [jfrou] [INFO ] [                ] [server_configuration.go:61    ] [main                ] - Server configuration reloaded on localhost:8049
2021-06-23T06:45:27.089Z [jfrou] [INFO ] [                ] [server_configuration.go:61    ] [main                ] - Server configuration reloaded on :8082
2021-06-23T06:45:27.091Z [jfrou] [INFO ] [                ] [server_configuration.go:61    ] [main                ] - Server configuration reloaded on localhost:8046
2021-06-28T07:03:53.351Z [jfrou] [INFO ] [                ] [server_configuration.go:61    ] [main                ] - Server configuration reloaded on :8082
2021-06-28T07:03:53.371Z [jfrou] [INFO ] [                ] [server_configuration.go:61    ] [main                ] - Server configuration reloaded on localhost:8046
2021-06-28T07:03:53.372Z [jfrou] [INFO ] [                ] [server_configuration.go:61    ] [main                ] - Server configuration reloaded on localhost:8049
2021-06-28T07:03:55.078Z [jfrou] [INFO ] [                ] [server_configuration.go:61    ] [main                ] - Server configuration reloaded on localhost:8049
2021-06-28T07:03:55.079Z [jfrou] [INFO ] [                ] [server_configuration.go:61    ] [main                ] - Server configuration reloaded on :8082
2021-06-28T07:03:55.079Z [jfrou] [INFO ] [                ] [server_configuration.go:61    ] [main                ] - Server configuration reloaded on localhost:8046
2021-07-01T13:44:18.383Z [jfrou] [INFO ] [                ] [server.go:577                 ] [main                ] - Preparing server api &{Address:localhost:8049 TLS:<nil> Redirect:<nil> Auth:<nil> WhitelistSourceRange:[] WhiteList:<nil> Compress:false ProxyProtocol:<nil> ForwardedHeaders:0xc00089dd20} with readTimeout=0s writeTimeout=0s idleTimeout=3m0s
2021-07-01T13:44:18.390Z [jfrou] [INFO ] [                ] [server.go:577                 ] [main                ] - Preparing server external &{Address::8082 TLS:<nil> Redirect:<nil> Auth:<nil> WhitelistSourceRange:[] WhiteList:<nil> Compress:false ProxyProtocol:<nil> ForwardedHeaders:0xc00089dd40} with readTimeout=0s writeTimeout=0s idleTimeout=3m0s
2021-07-01T13:44:18.391Z [jfrou] [INFO ] [                ] [server.go:577                 ] [main                ] - Preparing server internal &{Address:localhost:8046 TLS:<nil> Redirect:<nil> Auth:<nil> WhitelistSourceRange:[] WhiteList:<nil> Compress:false ProxyProtocol:<nil> ForwardedHeaders:0xc00089dd00} with readTimeout=0s writeTimeout=0s idleTimeout=3m0s
2021-07-01T13:44:18.391Z [jfrou] [INFO ] [                ] [server.go:423                 ] [main                ] - Starting provider configuration.ProviderAggregator {}
2021-07-01T13:44:18.395Z [jfrou] [INFO ] [                ] [server.go:533                 ] [main                ] - Starting server on localhost:8049
2021-07-01T13:44:18.395Z [jfrou] [INFO ] [                ] [provider_aggregator.go:103    ] [main                ] - Starting provider *file.Provider {"Watch":true,"Filename":"","Constraints":null,"Trace":false,"TemplateVersion":0,"DebugLogGeneratedTemplate":false,"Directory":"/opt/jfrog/artifactory/var/data/router/traefik/routes","TraefikFile":""}
2021-07-01T13:44:18.395Z [jfrou] [INFO ] [                ] [server.go:533                 ] [main                ] - Starting server on localhost:8046
2021-07-01T13:44:18.395Z [jfrou] [INFO ] [                ] [server.go:533                 ] [main                ] - Starting server on :8082
2021-07-01T13:44:18.415Z [jfrou] [INFO ] [                ] [server_configuration.go:61    ] [main                ] - Server configuration reloaded on localhost:8049
2021-07-01T13:44:18.418Z [jfrou] [INFO ] [                ] [server_configuration.go:61    ] [main                ] - Server configuration reloaded on :8082
2021-07-01T13:44:18.419Z [jfrou] [INFO ] [                ] [server_configuration.go:61    ] [main                ] - Server configuration reloaded on localhost:8046
2021-07-01T13:44:18.844Z [jfrou] [INFO ] [                ] [server_configuration.go:465   ] [main                ] - Skipping same configuration for provider file
2021-07-01T13:44:19.962Z [jfrou] [INFO ] [                ] [server_configuration.go:465   ] [main                ] - Skipping same configuration for provider file
2021-07-01T13:44:20.415Z [jfrou] [INFO ] [                ] [server_configuration.go:61    ] [main                ] - Server configuration reloaded on localhost:8049
2021-07-01T13:44:20.416Z [jfrou] [INFO ] [                ] [server_configuration.go:61    ] [main                ] - Server configuration reloaded on :8082
2021-07-01T13:44:20.416Z [jfrou] [INFO ] [                ] [server_configuration.go:61    ] [main                ] - Server configuration reloaded on localhost:8046
2021-07-01T13:44:21.895Z [jfrou] [INFO ] [                ] [server_configuration.go:465   ] [main                ] - Skipping same configuration for provider file
2021-07-01T13:44:24.208Z [jfrou] [INFO ] [                ] [server_configuration.go:465   ] [main                ] - Skipping same configuration for provider file
2021-07-01T13:44:44.928Z [jfrou] [INFO ] [                ] [server_configuration.go:465   ] [main                ] - Skipping same configuration for provider file
2021-07-01T13:44:48.586Z [jfrou] [INFO ] [                ] [server_configuration.go:61    ] [main                ] - Server configuration reloaded on localhost:8046
2021-07-01T13:44:48.586Z [jfrou] [INFO ] [                ] [server_configuration.go:61    ] [main                ] - Server configuration reloaded on localhost:8049
2021-07-01T13:44:48.587Z [jfrou] [INFO ] [                ] [server_configuration.go:61    ] [main                ] - Server configuration reloaded on :8082
2021-07-01T13:44:50.585Z [jfrou] [INFO ] [                ] [server_configuration.go:61    ] [main                ] - Server configuration reloaded on localhost:8046
2021-07-01T13:44:50.586Z [jfrou] [INFO ] [                ] [server_configuration.go:61    ] [main                ] - Server configuration reloaded on localhost:8049
2021-07-01T13:44:50.586Z [jfrou] [INFO ] [                ] [server_configuration.go:61    ] [main                ] - Server configuration reloaded on :8082
2021-07-01T13:45:21.866Z [jfrou] [INFO ] [                ] [server_configuration.go:61    ] [main                ] - Server configuration reloaded on localhost:8049
2021-07-01T13:45:21.867Z [jfrou] [INFO ] [                ] [server_configuration.go:61    ] [main                ] - Server configuration reloaded on :8082
2021-07-01T13:45:21.867Z [jfrou] [INFO ] [                ] [server_configuration.go:61    ] [main                ] - Server configuration reloaded on localhost:8046
2021-07-01T13:45:23.873Z [jfrou] [INFO ] [                ] [server_configuration.go:61    ] [main                ] - Server configuration reloaded on localhost:8046
2021-07-01T13:45:23.874Z [jfrou] [INFO ] [                ] [server_configuration.go:61    ] [main                ] - Server configuration reloaded on localhost:8049
2021-07-01T13:45:23.876Z [jfrou] [INFO ] [                ] [server_configuration.go:61    ] [main                ] - Server configuration reloaded on :8082
2021-07-01T14:00:26.375Z [jfrou] [INFO ] [                ] [server.go:577                 ] [main                ] - Preparing server internal &{Address:localhost:8046 TLS:<nil> Redirect:<nil> Auth:<nil> WhitelistSourceRange:[] WhiteList:<nil> Compress:false ProxyProtocol:<nil> ForwardedHeaders:0xc000ca2360} with readTimeout=0s writeTimeout=0s idleTimeout=3m0s
2021-07-01T14:00:26.385Z [jfrou] [INFO ] [                ] [server.go:577                 ] [main                ] - Preparing server api &{Address:localhost:8049 TLS:<nil> Redirect:<nil> Auth:<nil> WhitelistSourceRange:[] WhiteList:<nil> Compress:false ProxyProtocol:<nil> ForwardedHeaders:0xc000ca2380} with readTimeout=0s writeTimeout=0s idleTimeout=3m0s
2021-07-01T14:00:26.387Z [jfrou] [INFO ] [                ] [server.go:533                 ] [main                ] - Starting server on localhost:8046
2021-07-01T14:00:26.391Z [jfrou] [INFO ] [                ] [server.go:577                 ] [main                ] - Preparing server external &{Address::8082 TLS:<nil> Redirect:<nil> Auth:<nil> WhitelistSourceRange:[] WhiteList:<nil> Compress:false ProxyProtocol:<nil> ForwardedHeaders:0xc000ca23a0} with readTimeout=0s writeTimeout=0s idleTimeout=3m0s
2021-07-01T14:00:26.392Z [jfrou] [INFO ] [                ] [server.go:423                 ] [main                ] - Starting provider configuration.ProviderAggregator {}
2021-07-01T14:00:26.392Z [jfrou] [INFO ] [                ] [server.go:533                 ] [main                ] - Starting server on localhost:8049
2021-07-01T14:00:26.392Z [jfrou] [INFO ] [                ] [server.go:533                 ] [main                ] - Starting server on :8082
2021-07-01T14:00:26.394Z [jfrou] [INFO ] [                ] [provider_aggregator.go:103    ] [main                ] - Starting provider *file.Provider {"Watch":true,"Filename":"","Constraints":null,"Trace":false,"TemplateVersion":0,"DebugLogGeneratedTemplate":false,"Directory":"/opt/jfrog/artifactory/var/data/router/traefik/routes","TraefikFile":""}
2021-07-01T14:00:26.422Z [jfrou] [INFO ] [                ] [server_configuration.go:61    ] [main                ] - Server configuration reloaded on localhost:8049
2021-07-01T14:00:26.424Z [jfrou] [INFO ] [                ] [server_configuration.go:61    ] [main                ] - Server configuration reloaded on :8082
2021-07-01T14:00:26.425Z [jfrou] [INFO ] [                ] [server_configuration.go:61    ] [main                ] - Server configuration reloaded on localhost:8046
2021-07-01T14:00:26.695Z [jfrou] [INFO ] [                ] [server_configuration.go:465   ] [main                ] - Skipping same configuration for provider file
2021-07-01T14:00:28.423Z [jfrou] [INFO ] [                ] [server_configuration.go:61    ] [main                ] - Server configuration reloaded on localhost:8046
2021-07-01T14:00:28.423Z [jfrou] [INFO ] [                ] [server_configuration.go:61    ] [main                ] - Server configuration reloaded on localhost:8049
2021-07-01T14:00:28.423Z [jfrou] [INFO ] [                ] [server_configuration.go:61    ] [main                ] - Server configuration reloaded on :8082
2021-07-01T14:00:32.589Z [jfrou] [INFO ] [                ] [server_configuration.go:61    ] [main                ] - Server configuration reloaded on localhost:8046
2021-07-01T14:00:32.589Z [jfrou] [INFO ] [                ] [server_configuration.go:61    ] [main                ] - Server configuration reloaded on localhost:8049
2021-07-01T14:00:32.590Z [jfrou] [INFO ] [                ] [server_configuration.go:61    ] [main                ] - Server configuration reloaded on :8082
2021-07-01T14:00:34.639Z [jfrou] [INFO ] [                ] [server_configuration.go:61    ] [main                ] - Server configuration reloaded on :8082
2021-07-01T14:00:34.641Z [jfrou] [INFO ] [                ] [server_configuration.go:61    ] [main                ] - Server configuration reloaded on localhost:8046
2021-07-01T14:00:34.643Z [jfrou] [INFO ] [                ] [server_configuration.go:61    ] [main                ] - Server configuration reloaded on localhost:8049
2021-07-01T14:00:36.849Z [jfrou] [INFO ] [                ] [server_configuration.go:61    ] [main                ] - Server configuration reloaded on localhost:8046
2021-07-01T14:00:36.850Z [jfrou] [INFO ] [                ] [server_configuration.go:61    ] [main                ] - Server configuration reloaded on localhost:8049
2021-07-01T14:00:36.851Z [jfrou] [INFO ] [                ] [server_configuration.go:61    ] [main                ] - Server configuration reloaded on :8082
2021-07-01T14:00:56.146Z [jfrou] [INFO ] [                ] [server_configuration.go:61    ] [main                ] - Server configuration reloaded on localhost:8046
2021-07-01T14:00:56.146Z [jfrou] [INFO ] [                ] [server_configuration.go:61    ] [main                ] - Server configuration reloaded on localhost:8049
2021-07-01T14:00:56.147Z [jfrou] [INFO ] [                ] [server_configuration.go:61    ] [main                ] - Server configuration reloaded on :8082
2021-07-01T14:01:06.614Z [jfrou] [INFO ] [                ] [server_configuration.go:61    ] [main                ] - Server configuration reloaded on localhost:8046
2021-07-01T14:01:06.614Z [jfrou] [INFO ] [                ] [server_configuration.go:61    ] [main                ] - Server configuration reloaded on localhost:8049
2021-07-01T14:01:06.614Z [jfrou] [INFO ] [                ] [server_configuration.go:61    ] [main                ] - Server configuration reloaded on :8082
2021-07-01T14:01:08.621Z [jfrou] [INFO ] [                ] [server_configuration.go:61    ] [main                ] - Server configuration reloaded on :8082
2021-07-01T14:01:08.621Z [jfrou] [INFO ] [                ] [server_configuration.go:61    ] [main                ] - Server configuration reloaded on localhost:8046
2021-07-01T14:01:08.621Z [jfrou] [INFO ] [                ] [server_configuration.go:61    ] [main                ] - Server configuration reloaded on localhost:8049
2021-07-02T07:04:05.880Z [jfrou] [INFO ] [                ] [server_configuration.go:61    ] [main                ] - Server configuration reloaded on localhost:8046
2021-07-02T07:04:05.900Z [jfrou] [INFO ] [                ] [server_configuration.go:61    ] [main                ] - Server configuration reloaded on localhost:8049
2021-07-02T07:04:05.901Z [jfrou] [INFO ] [                ] [server_configuration.go:61    ] [main                ] - Server configuration reloaded on :8082
2021-07-02T07:04:08.963Z [jfrou] [INFO ] [                ] [server_configuration.go:61    ] [main                ] - Server configuration reloaded on localhost:8046
2021-07-02T07:04:08.964Z [jfrou] [INFO ] [                ] [server_configuration.go:61    ] [main                ] - Server configuration reloaded on localhost:8049
2021-07-02T07:04:08.964Z [jfrou] [INFO ] [                ] [server_configuration.go:61    ] [main                ] - Server configuration reloaded on :8082
2021-07-03T20:33:13.982Z [jfrou] [INFO ] [                ] [server_configuration.go:61    ] [main                ] - Server configuration reloaded on localhost:8049
2021-07-03T20:33:14.160Z [jfrou] [INFO ] [                ] [server_configuration.go:61    ] [main                ] - Server configuration reloaded on :8082
2021-07-03T20:33:14.161Z [jfrou] [INFO ] [                ] [server_configuration.go:61    ] [main                ] - Server configuration reloaded on localhost:8046
2021-07-03T20:33:16.927Z [jfrou] [INFO ] [                ] [server_configuration.go:61    ] [main                ] - Server configuration reloaded on localhost:8049
2021-07-03T20:33:16.928Z [jfrou] [INFO ] [                ] [server_configuration.go:61    ] [main                ] - Server configuration reloaded on :8082
2021-07-03T20:33:16.928Z [jfrou] [INFO ] [                ] [server_configuration.go:61    ] [main                ] - Server configuration reloaded on localhost:8046
2021-07-06T19:51:13.948Z [jfrou] [INFO ] [                ] [server_configuration.go:61    ] [main                ] - Server configuration reloaded on localhost:8046
2021-07-06T19:51:13.969Z [jfrou] [INFO ] [                ] [server_configuration.go:61    ] [main                ] - Server configuration reloaded on localhost:8049
2021-07-06T19:51:13.970Z [jfrou] [INFO ] [                ] [server_configuration.go:61    ] [main                ] - Server configuration reloaded on :8082
2021-07-06T19:51:17.025Z [jfrou] [INFO ] [                ] [server_configuration.go:61    ] [main                ] - Server configuration reloaded on localhost:8046
2021-07-06T19:51:17.027Z [jfrou] [INFO ] [                ] [server_configuration.go:61    ] [main                ] - Server configuration reloaded on localhost:8049
2021-07-06T19:51:17.028Z [jfrou] [INFO ] [                ] [server_configuration.go:61    ] [main                ] - Server configuration reloaded on :8082
2021-07-08T13:55:13.904Z [jfrou] [INFO ] [                ] [server_configuration.go:61    ] [main                ] - Server configuration reloaded on localhost:8046
2021-07-08T13:55:13.911Z [jfrou] [INFO ] [                ] [server_configuration.go:61    ] [main                ] - Server configuration reloaded on localhost:8049
2021-07-08T13:55:13.911Z [jfrou] [INFO ] [                ] [server_configuration.go:61    ] [main                ] - Server configuration reloaded on :8082
2021-07-08T13:55:16.694Z [jfrou] [INFO ] [                ] [server_configuration.go:61    ] [main                ] - Server configuration reloaded on localhost:8046
2021-07-08T13:55:16.694Z [jfrou] [INFO ] [                ] [server_configuration.go:61    ] [main                ] - Server configuration reloaded on localhost:8049
2021-07-08T13:55:16.695Z [jfrou] [INFO ] [                ] [server_configuration.go:61    ] [main                ] - Server configuration reloaded on :8082
2021-07-08T18:34:58.557Z [jfrou] [INFO ] [                ] [server_configuration.go:61    ] [main                ] - Server configuration reloaded on localhost:8049
2021-07-08T18:34:58.557Z [jfrou] [INFO ] [                ] [server_configuration.go:61    ] [main                ] - Server configuration reloaded on :8082
2021-07-08T18:34:58.557Z [jfrou] [INFO ] [                ] [server_configuration.go:61    ] [main                ] - Server configuration reloaded on localhost:8046
2021-07-08T18:35:01.541Z [jfrou] [INFO ] [                ] [server_configuration.go:61    ] [main                ] - Server configuration reloaded on localhost:8049
2021-07-08T18:35:01.542Z [jfrou] [INFO ] [                ] [server_configuration.go:61    ] [main                ] - Server configuration reloaded on :8082
2021-07-08T18:35:01.542Z [jfrou] [INFO ] [                ] [server_configuration.go:61    ] [main                ] - Server configuration reloaded on localhost:8046
2021-07-09T16:12:13.160Z [jfrou] [INFO ] [                ] [server_configuration.go:465   ] [main                ] - Skipping same configuration for provider file
2021-07-09T16:12:13.162Z [jfrou] [INFO ] [                ] [server_configuration.go:465   ] [main                ] - Skipping same configuration for provider file
2021-07-09T16:12:13.192Z [jfrou] [INFO ] [                ] [server_configuration.go:465   ] [main                ] - Skipping same configuration for provider file
2021-07-09T16:12:13.198Z [jfrou] [INFO ] [                ] [server_configuration.go:465   ] [main                ] - Skipping same configuration for provider file
2021-07-09T16:12:13.202Z [jfrou] [INFO ] [                ] [server_configuration.go:465   ] [main                ] - Skipping same configuration for provider file
2021-07-10T17:59:46.362Z [jfrou] [INFO ] [                ] [server_configuration.go:61    ] [main                ] - Server configuration reloaded on localhost:8046
2021-07-10T17:59:46.363Z [jfrou] [INFO ] [                ] [server_configuration.go:61    ] [main                ] - Server configuration reloaded on localhost:8049
2021-07-10T17:59:46.363Z [jfrou] [INFO ] [                ] [server_configuration.go:61    ] [main                ] - Server configuration reloaded on :8082
2021-07-10T17:59:49.461Z [jfrou] [INFO ] [                ] [server_configuration.go:61    ] [main                ] - Server configuration reloaded on localhost:8046
2021-07-10T17:59:49.462Z [jfrou] [INFO ] [                ] [server_configuration.go:61    ] [main                ] - Server configuration reloaded on localhost:8049
2021-07-10T17:59:49.462Z [jfrou] [INFO ] [                ] [server_configuration.go:61    ] [main                ] - Server configuration reloaded on :8082
2021-07-12T15:14:50.179Z [jfrou] [INFO ] [                ] [server.go:577                 ] [main                ] - Preparing server internal &{Address:localhost:8046 TLS:<nil> Redirect:<nil> Auth:<nil> WhitelistSourceRange:[] WhiteList:<nil> Compress:false ProxyProtocol:<nil> ForwardedHeaders:0xc000956de0} with readTimeout=0s writeTimeout=0s idleTimeout=3m0s
2021-07-12T15:14:50.195Z [jfrou] [INFO ] [                ] [server.go:577                 ] [main                ] - Preparing server api &{Address:localhost:8049 TLS:<nil> Redirect:<nil> Auth:<nil> WhitelistSourceRange:[] WhiteList:<nil> Compress:false ProxyProtocol:<nil> ForwardedHeaders:0xc000956da0} with readTimeout=0s writeTimeout=0s idleTimeout=3m0s
2021-07-12T15:14:50.197Z [jfrou] [INFO ] [                ] [server.go:533                 ] [main                ] - Starting server on localhost:8046
2021-07-12T15:14:50.202Z [jfrou] [INFO ] [                ] [server.go:577                 ] [main                ] - Preparing server external &{Address::8082 TLS:<nil> Redirect:<nil> Auth:<nil> WhitelistSourceRange:[] WhiteList:<nil> Compress:false ProxyProtocol:<nil> ForwardedHeaders:0xc000956dc0} with readTimeout=0s writeTimeout=0s idleTimeout=3m0s
2021-07-12T15:14:50.202Z [jfrou] [INFO ] [                ] [server.go:423                 ] [main                ] - Starting provider configuration.ProviderAggregator {}
2021-07-12T15:14:50.202Z [jfrou] [INFO ] [                ] [server.go:533                 ] [main                ] - Starting server on :8082
2021-07-12T15:14:50.203Z [jfrou] [INFO ] [                ] [server.go:533                 ] [main                ] - Starting server on localhost:8049
2021-07-12T15:14:50.205Z [jfrou] [INFO ] [                ] [provider_aggregator.go:103    ] [main                ] - Starting provider *file.Provider {"Watch":true,"Filename":"","Constraints":null,"Trace":false,"TemplateVersion":0,"DebugLogGeneratedTemplate":false,"Directory":"/opt/jfrog/artifactory/var/data/router/traefik/routes","TraefikFile":""}
2021-07-12T15:14:50.229Z [jfrou] [INFO ] [                ] [server_configuration.go:61    ] [main                ] - Server configuration reloaded on :8082
2021-07-12T15:14:50.229Z [jfrou] [INFO ] [                ] [server_configuration.go:61    ] [main                ] - Server configuration reloaded on localhost:8046
2021-07-12T15:14:50.229Z [jfrou] [INFO ] [                ] [server_configuration.go:61    ] [main                ] - Server configuration reloaded on localhost:8049
2021-07-12T15:14:50.494Z [jfrou] [INFO ] [                ] [server_configuration.go:465   ] [main                ] - Skipping same configuration for provider file
2021-07-12T15:14:50.982Z [jfrou] [INFO ] [                ] [server_configuration.go:465   ] [main                ] - Skipping same configuration for provider file
2021-07-12T15:14:52.214Z [jfrou] [INFO ] [                ] [server_configuration.go:61    ] [main                ] - Server configuration reloaded on localhost:8049
2021-07-12T15:14:52.214Z [jfrou] [INFO ] [                ] [server_configuration.go:61    ] [main                ] - Server configuration reloaded on :8082
2021-07-12T15:14:52.214Z [jfrou] [INFO ] [                ] [server_configuration.go:61    ] [main                ] - Server configuration reloaded on localhost:8046
2021-07-12T15:14:52.693Z [jfrou] [INFO ] [                ] [server_configuration.go:465   ] [main                ] - Skipping same configuration for provider file
2021-07-12T15:14:57.354Z [jfrou] [INFO ] [                ] [server_configuration.go:465   ] [main                ] - Skipping same configuration for provider file
2021-07-12T15:15:02.282Z [jfrou] [INFO ] [                ] [server_configuration.go:465   ] [main                ] - Skipping same configuration for provider file
2021-07-12T15:15:10.370Z [jfrou] [INFO ] [                ] [server_configuration.go:61    ] [main                ] - Server configuration reloaded on :8082
2021-07-12T15:15:10.371Z [jfrou] [INFO ] [                ] [server_configuration.go:61    ] [main                ] - Server configuration reloaded on localhost:8046
2021-07-12T15:15:10.371Z [jfrou] [INFO ] [                ] [server_configuration.go:61    ] [main                ] - Server configuration reloaded on localhost:8049
2021-07-12T15:15:12.372Z [jfrou] [INFO ] [                ] [server_configuration.go:61    ] [main                ] - Server configuration reloaded on localhost:8049
2021-07-12T15:15:12.372Z [jfrou] [INFO ] [                ] [server_configuration.go:61    ] [main                ] - Server configuration reloaded on :8082
2021-07-12T15:15:12.372Z [jfrou] [INFO ] [                ] [server_configuration.go:61    ] [main                ] - Server configuration reloaded on localhost:8046
2021-07-12T16:13:46.636Z [jfrou] [INFO ] [                ] [server_configuration.go:61    ] [main                ] - Server configuration reloaded on localhost:8049
2021-07-12T16:13:46.636Z [jfrou] [INFO ] [                ] [server_configuration.go:61    ] [main                ] - Server configuration reloaded on :8082
2021-07-12T16:13:46.636Z [jfrou] [INFO ] [                ] [server_configuration.go:61    ] [main                ] - Server configuration reloaded on localhost:8046
2021-07-12T16:13:48.631Z [jfrou] [INFO ] [                ] [server_configuration.go:61    ] [main                ] - Server configuration reloaded on localhost:8046
2021-07-12T16:13:48.632Z [jfrou] [INFO ] [                ] [server_configuration.go:61    ] [main                ] - Server configuration reloaded on localhost:8049
2021-07-12T16:13:48.632Z [jfrou] [INFO ] [                ] [server_configuration.go:61    ] [main                ] - Server configuration reloaded on :8082
2021-07-12T16:13:50.634Z [jfrou] [INFO ] [                ] [server_configuration.go:61    ] [main                ] - Server configuration reloaded on localhost:8049
2021-07-12T16:13:50.634Z [jfrou] [INFO ] [                ] [server_configuration.go:61    ] [main                ] - Server configuration reloaded on :8082
2021-07-12T16:13:50.634Z [jfrou] [INFO ] [                ] [server_configuration.go:61    ] [main                ] - Server configuration reloaded on localhost:8046
2021-07-12T16:15:36.960Z [jfrou] [INFO ] [                ] [server.go:577                 ] [main                ] - Preparing server api &{Address:localhost:8049 TLS:<nil> Redirect:<nil> Auth:<nil> WhitelistSourceRange:[] WhiteList:<nil> Compress:false ProxyProtocol:<nil> ForwardedHeaders:0xc0000272c0} with readTimeout=0s writeTimeout=0s idleTimeout=3m0s
2021-07-12T16:15:36.969Z [jfrou] [INFO ] [                ] [server.go:577                 ] [main                ] - Preparing server external &{Address::8082 TLS:<nil> Redirect:<nil> Auth:<nil> WhitelistSourceRange:[] WhiteList:<nil> Compress:false ProxyProtocol:<nil> ForwardedHeaders:0xc0000272e0} with readTimeout=0s writeTimeout=0s idleTimeout=3m0s
2021-07-12T16:15:36.969Z [jfrou] [INFO ] [                ] [server.go:577                 ] [main                ] - Preparing server internal &{Address:localhost:8046 TLS:<nil> Redirect:<nil> Auth:<nil> WhitelistSourceRange:[] WhiteList:<nil> Compress:false ProxyProtocol:<nil> ForwardedHeaders:0xc0000272a0} with readTimeout=0s writeTimeout=0s idleTimeout=3m0s
2021-07-12T16:15:36.970Z [jfrou] [INFO ] [                ] [server.go:423                 ] [main                ] - Starting provider configuration.ProviderAggregator {}
2021-07-12T16:15:36.970Z [jfrou] [INFO ] [                ] [server.go:533                 ] [main                ] - Starting server on localhost:8049
2021-07-12T16:15:36.973Z [jfrou] [INFO ] [                ] [server.go:533                 ] [main                ] - Starting server on :8082
2021-07-12T16:15:36.975Z [jfrou] [INFO ] [                ] [server.go:533                 ] [main                ] - Starting server on localhost:8046
2021-07-12T16:15:36.974Z [jfrou] [INFO ] [                ] [provider_aggregator.go:103    ] [main                ] - Starting provider *file.Provider {"Watch":true,"Filename":"","Constraints":null,"Trace":false,"TemplateVersion":0,"DebugLogGeneratedTemplate":false,"Directory":"/opt/jfrog/artifactory/var/data/router/traefik/routes","TraefikFile":""}
2021-07-12T16:15:36.993Z [jfrou] [INFO ] [                ] [server_configuration.go:61    ] [main                ] - Server configuration reloaded on localhost:8046
2021-07-12T16:15:36.994Z [jfrou] [INFO ] [                ] [server_configuration.go:61    ] [main                ] - Server configuration reloaded on localhost:8049
2021-07-12T16:15:36.995Z [jfrou] [INFO ] [                ] [server_configuration.go:61    ] [main                ] - Server configuration reloaded on :8082
2021-07-12T16:15:37.243Z [jfrou] [INFO ] [                ] [server_configuration.go:465   ] [main                ] - Skipping same configuration for provider file
2021-07-12T16:15:38.994Z [jfrou] [INFO ] [                ] [server_configuration.go:61    ] [main                ] - Server configuration reloaded on localhost:8046
2021-07-12T16:15:38.994Z [jfrou] [INFO ] [                ] [server_configuration.go:61    ] [main                ] - Server configuration reloaded on localhost:8049
2021-07-12T16:15:38.994Z [jfrou] [INFO ] [                ] [server_configuration.go:61    ] [main                ] - Server configuration reloaded on :8082
2021-07-12T16:15:40.994Z [jfrou] [INFO ] [                ] [server_configuration.go:61    ] [main                ] - Server configuration reloaded on localhost:8046
2021-07-12T16:15:40.999Z [jfrou] [INFO ] [                ] [server_configuration.go:61    ] [main                ] - Server configuration reloaded on localhost:8049
2021-07-12T16:15:41.000Z [jfrou] [INFO ] [                ] [server_configuration.go:61    ] [main                ] - Server configuration reloaded on :8082
2021-07-12T16:15:43.049Z [jfrou] [INFO ] [                ] [server_configuration.go:61    ] [main                ] - Server configuration reloaded on localhost:8049
2021-07-12T16:15:43.049Z [jfrou] [INFO ] [                ] [server_configuration.go:61    ] [main                ] - Server configuration reloaded on :8082
2021-07-12T16:15:43.049Z [jfrou] [INFO ] [                ] [server_configuration.go:61    ] [main                ] - Server configuration reloaded on localhost:8046
2021-07-12T16:15:55.285Z [jfrou] [INFO ] [                ] [server_configuration.go:61    ] [main                ] - Server configuration reloaded on localhost:8046
2021-07-12T16:15:55.285Z [jfrou] [INFO ] [                ] [server_configuration.go:61    ] [main                ] - Server configuration reloaded on localhost:8049
2021-07-12T16:15:55.285Z [jfrou] [INFO ] [                ] [server_configuration.go:61    ] [main                ] - Server configuration reloaded on :8082
2021-07-12T16:16:02.044Z [jfrou] [INFO ] [                ] [server_configuration.go:61    ] [main                ] - Server configuration reloaded on :8082
2021-07-12T16:16:02.044Z [jfrou] [INFO ] [                ] [server_configuration.go:61    ] [main                ] - Server configuration reloaded on localhost:8046
2021-07-12T16:16:02.044Z [jfrou] [INFO ] [                ] [server_configuration.go:61    ] [main                ] - Server configuration reloaded on localhost:8049
2021-07-12T16:16:04.106Z [jfrou] [INFO ] [                ] [server_configuration.go:61    ] [main                ] - Server configuration reloaded on localhost:8049
2021-07-12T16:16:04.107Z [jfrou] [INFO ] [                ] [server_configuration.go:61    ] [main                ] - Server configuration reloaded on :8082
2021-07-12T16:16:04.107Z [jfrou] [INFO ] [                ] [server_configuration.go:61    ] [main                ] - Server configuration reloaded on localhost:8046
2021-07-12T16:17:30.815Z [jfrou] [INFO ] [                ] [server_configuration.go:61    ] [main                ] - Server configuration reloaded on localhost:8049
2021-07-12T16:17:30.815Z [jfrou] [INFO ] [                ] [server_configuration.go:61    ] [main                ] - Server configuration reloaded on :8082
2021-07-12T16:17:30.815Z [jfrou] [INFO ] [                ] [server_configuration.go:61    ] [main                ] - Server configuration reloaded on localhost:8046
2021-07-12T16:17:32.792Z [jfrou] [INFO ] [                ] [server_configuration.go:61    ] [main                ] - Server configuration reloaded on :8082
2021-07-12T16:17:32.792Z [jfrou] [INFO ] [                ] [server_configuration.go:61    ] [main                ] - Server configuration reloaded on localhost:8046
2021-07-12T16:17:32.793Z [jfrou] [INFO ] [                ] [server_configuration.go:61    ] [main                ] - Server configuration reloaded on localhost:8049
